2024-03-29 17:19:45,789 INFO  [Log] ****************           -S-T-A-R-T-Invalid Login Testcase       **************** 
2024-03-29 17:19:45,894 INFO  [Log] Successfully entered the username.teena@raghav.com 
2024-03-29 17:35:54,348 INFO  [Log] ****************           -S-T-A-R-T-Login TestCase       **************** 
2024-03-29 17:35:54,435 INFO  [Log] Successfully entered the username :teena@raghav.com 
2024-03-29 17:35:54,627 INFO  [Log] Successfully entered the password :pritishtina@1 
2024-03-29 17:35:56,220 WARN  [Log] Please enter the correct password 
2024-03-29 17:35:56,221 INFO  [Log] ***************             -E---N---D-Valid Testcase         *************** 
2024-03-29 20:53:46,686 INFO  [Log] ****************           -S-T-A-R-T-Invalid Login Testcase       **************** 
2024-03-29 20:53:46,859 INFO  [Log] Successfully entered the username:teena@raghav.com 
2024-03-29 20:53:48,804 INFO  [Log] ****************           -S-T-A-R-T-Login TestCase       **************** 
2024-03-29 20:53:48,919 INFO  [Log] Successfully entered the username :teena@raghav.com 
2024-03-29 20:53:48,988 INFO  [Log] Successfully entered the password :pritishtina@1 
2024-03-29 20:53:50,589 WARN  [Log] Please enter the correct password 
2024-03-29 20:53:50,590 INFO  [Log] ***************             -E---N---D-Valid Testcase         *************** 
2024-03-29 20:53:51,836 INFO  [Log] ****************           -S-T-A-R-T-TestCase started       **************** 
2024-03-29 20:53:51,959 INFO  [Log] Succesfully entered the username 
2024-03-29 20:53:52,028 INFO  [Log] Successfully password entered. 
2024-03-29 20:53:52,071 INFO  [Log] Successfully checked remember me checkbox. . 
2024-03-29 20:53:53,403 INFO  [Log] Login successful. 
2024-03-29 21:02:08,680 INFO  [Log] ****************           -S-T-A-R-T-TestCase started       **************** 
2024-03-29 21:02:08,776 INFO  [Log] Succesfully entered the username 
2024-03-29 21:02:08,852 INFO  [Log] Successfully password entered. 
2024-03-29 21:02:09,046 INFO  [Log] Successfully checked remember me checkbox. . 
2024-03-29 21:02:10,923 INFO  [Log] Login successful. 
2024-03-29 21:09:10,275 INFO  [Log] ****************           -S-T-A-R-T-TestCase started       **************** 
2024-03-29 21:09:10,386 INFO  [Log] Succesfully entered the username 
2024-03-29 21:09:10,468 INFO  [Log] Successfully password entered. 
2024-03-29 21:09:10,790 INFO  [Log] Successfully checked remember me checkbox. . 
2024-03-29 21:09:12,421 INFO  [Log] Login successful. 
2024-03-29 21:18:04,991 INFO  [Log] ****************           -S-T-A-R-T-TestCase started       **************** 
2024-03-29 21:18:05,078 INFO  [Log] Succesfully entered the username 
2024-03-29 21:18:05,157 INFO  [Log] Successfully password entered. 
2024-03-29 21:18:05,228 INFO  [Log] Successfully checked remember me checkbox. . 
2024-03-29 21:18:07,282 INFO  [Log] Login successful. 
2024-03-29 21:24:34,550 INFO  [Log] ****************           -S-T-A-R-T-TestCase started       **************** 
2024-03-29 21:24:34,639 INFO  [Log] Succesfully entered the username 
2024-03-29 21:24:34,735 INFO  [Log] Successfully password entered. 
2024-03-29 21:24:34,994 INFO  [Log] Successfully checked remember me checkbox. . 
2024-03-29 21:24:36,474 INFO  [Log] Login successful. 
2024-03-29 21:26:10,437 INFO  [Log] ****************           -S-T-A-R-T-TestCase started       **************** 
2024-03-29 21:26:10,531 INFO  [Log] Succesfully entered the username 
2024-03-29 21:26:10,602 INFO  [Log] Successfully password entered. 
2024-03-29 21:26:10,793 INFO  [Log] Successfully checked remember me checkbox. . 
2024-03-29 21:26:12,611 INFO  [Log] Login successful. 
2024-03-29 21:28:45,851 INFO  [Log] ****************           -S-T-A-R-T-TestCase started       **************** 
2024-03-29 21:28:45,969 INFO  [Log] Succesfully entered the username 
2024-03-29 21:28:46,261 INFO  [Log] Successfully password entered. 
2024-03-29 21:28:46,361 INFO  [Log] Successfully checked remember me checkbox. . 
2024-03-29 21:28:47,752 INFO  [Log] Login successful. 
2024-03-29 21:29:23,331 INFO  [Log] ****************           -S-T-A-R-T-TestCase started       **************** 
2024-03-29 21:29:23,424 INFO  [Log] Succesfully entered the username 
2024-03-29 21:29:23,591 INFO  [Log] Successfully password entered. 
2024-03-29 21:29:23,702 INFO  [Log] Successfully checked remember me checkbox. . 
2024-03-29 21:29:25,087 INFO  [Log] Login successful. 
2024-03-29 21:31:09,999 INFO  [Log] ****************           -S-T-A-R-T-TestCase started       **************** 
2024-03-29 21:31:10,116 INFO  [Log] Succesfully entered the username 
2024-03-29 21:31:10,461 INFO  [Log] Successfully password entered. 
2024-03-29 21:31:10,535 INFO  [Log] Successfully checked remember me checkbox. . 
2024-03-29 21:31:12,049 INFO  [Log] Login successful. 
2024-03-29 21:35:45,595 INFO  [Log] ****************           -S-T-A-R-T-TestCase started       **************** 
2024-03-29 21:35:45,724 INFO  [Log] Succesfully entered the username 
2024-03-29 21:35:45,949 INFO  [Log] Successfully password entered. 
2024-03-29 21:35:46,011 INFO  [Log] Successfully checked remember me checkbox. . 
2024-03-29 21:35:47,416 INFO  [Log] Login successful. 
2024-03-29 21:37:35,517 INFO  [Log] ****************           -S-T-A-R-T-TestCase started       **************** 
2024-03-29 21:37:35,680 INFO  [Log] Succesfully entered the username 
2024-03-29 21:37:35,861 INFO  [Log] Successfully password entered. 
2024-03-29 21:37:35,940 INFO  [Log] Successfully checked remember me checkbox. . 
2024-03-29 21:37:37,491 INFO  [Log] Login successful. 
2024-03-29 21:37:39,143 INFO  [Log] Usermenu button is clicked. 
2024-03-29 21:37:39,505 INFO  [Log] Logged Out successfully. 
2024-03-29 21:44:57,425 INFO  [Log] ****************           -S-T-A-R-T-TestCase started       **************** 
2024-03-29 21:44:57,524 INFO  [Log] Succesfully entered the username 
2024-03-29 21:44:57,682 INFO  [Log] Successfully password entered. 
2024-03-29 21:44:57,752 INFO  [Log] Successfully checked remember me checkbox. . 
2024-03-29 21:44:59,230 INFO  [Log] Login successful. 
2024-03-29 21:45:01,010 INFO  [Log] Usermenu button is clicked. 
2024-03-29 21:45:01,253 INFO  [Log] Logged Out successfully. 
2024-03-29 21:49:34,177 INFO  [Log] ****************           -S-T-A-R-T-TestCase started       **************** 
2024-03-29 21:49:34,525 INFO  [Log] Succesfully entered the username 
2024-03-29 21:49:34,634 INFO  [Log] Successfully password entered. 
2024-03-29 21:49:34,749 INFO  [Log] Successfully checked remember me checkbox. . 
2024-03-29 21:49:36,324 INFO  [Log] Login successful. 
2024-03-29 21:49:37,658 INFO  [Log] Usermenu button is clicked. 
2024-03-29 21:49:37,924 INFO  [Log] Logged Out successfully. 
2024-03-29 21:51:45,970 INFO  [Log] ****************           -S-T-A-R-T-TestCase started       **************** 
2024-03-29 21:51:46,076 INFO  [Log] Succesfully entered the username 
2024-03-29 21:51:46,151 INFO  [Log] Successfully password entered. 
2024-03-29 21:51:46,209 INFO  [Log] Successfully checked remember me checkbox. . 
2024-03-29 21:51:47,698 INFO  [Log] Login successful. 
2024-03-29 21:51:48,871 INFO  [Log] Usermenu button is clicked. 
2024-03-29 21:51:49,158 INFO  [Log] Logged Out successfully. 
2024-03-29 21:51:49,961 INFO  [Log] Username field is populated. 
2024-03-29 22:33:58,502 INFO  [Log] ****************           -S-T-A-R-T-Forgot password Test is started.       **************** 
2024-03-29 22:33:59,257 INFO  [Log] Password reset message is displayed 
2024-03-29 22:33:59,258 INFO  [Log] ***************             -E---N---D-An Email associated with the username is sent.         *************** 
2024-03-29 23:22:52,379 INFO  [Log] ****************           -S-T-A-R-T-WrongUsernameAndPasswordTest is started        **************** 
2024-03-29 23:22:52,478 INFO  [Log] Successfully entered the username :123 
2024-03-29 23:22:52,562 INFO  [Log] Successfully entered the password :22131 
2024-03-29 23:22:52,799 INFO  [Log] Login button is clicked. 
2024-03-29 23:22:52,859 INFO  [Log] ***************             -E---N---D-Error message is displayed.         *************** 
2024-03-29 23:24:49,363 INFO  [Log] ****************           -S-T-A-R-T-Invalid Login Testcase       **************** 
2024-03-29 23:24:49,463 INFO  [Log] Successfully entered the username:teena@raghav.com 
2024-03-29 23:24:51,390 INFO  [Log] ****************           -S-T-A-R-T-Login TestCase       **************** 
2024-03-29 23:24:51,495 INFO  [Log] Successfully entered the username :teena@raghav.com 
2024-03-29 23:24:51,565 INFO  [Log] Successfully entered the password :pritishtina@1 
2024-03-29 23:24:55,779 WARN  [Log] Please enter the correct password 
2024-03-29 23:24:55,780 INFO  [Log] ***************             -E---N---D-Valid Testcase         *************** 
2024-03-29 23:24:55,784 INFO  [Log] ****************           -S-T-A-R-T-TestCase started       **************** 
2024-03-29 23:24:55,862 INFO  [Log] Succesfully entered the username 
2024-03-29 23:24:55,925 INFO  [Log] Successfully password entered. 
2024-03-29 23:24:55,981 INFO  [Log] Successfully checked remember me checkbox. . 
2024-03-29 23:24:57,416 INFO  [Log] Login successful. 
2024-03-29 23:25:00,622 INFO  [Log] Usermenu button is clicked. 
2024-03-29 23:25:01,004 INFO  [Log] Logged Out successfully. 
2024-03-29 23:25:01,981 INFO  [Log] Username field is populated. 
2024-03-29 23:25:01,985 INFO  [Log] ****************           -S-T-A-R-T-Forgot password Test is started.       **************** 
2024-03-29 23:25:02,784 INFO  [Log] Password reset message is displayed 
2024-03-29 23:25:02,785 INFO  [Log] ***************             -E---N---D-An Email associated with the username is sent.         *************** 
2024-03-29 23:25:02,788 INFO  [Log] ****************           -S-T-A-R-T-WrongUsernameAndPasswordTest is started        **************** 
2024-03-29 23:25:02,863 INFO  [Log] Successfully entered the username :123 
2024-03-29 23:25:02,929 INFO  [Log] Successfully entered the password :22131 
2024-03-29 23:25:03,126 INFO  [Log] Login button is clicked. 
2024-03-29 23:25:03,158 INFO  [Log] ***************             -E---N---D-Error message is displayed.         *************** 
2024-03-29 23:47:15,104 INFO  [Log] ****************           -S-T-A-R-T-Test case is started       **************** 
2024-03-29 23:48:39,390 INFO  [Log] ****************           -S-T-A-R-T-Test case is started       **************** 
2024-03-29 23:48:39,392 INFO  [Log] ****************           -S-T-A-R-T-Login TestCase       **************** 
2024-03-29 23:49:57,406 INFO  [Log] ****************           -S-T-A-R-T-Test case is started       **************** 
2024-03-29 23:49:57,409 INFO  [Log] ****************           -S-T-A-R-T-Login TestCase       **************** 
2024-03-29 23:53:59,290 INFO  [Log] ****************           -S-T-A-R-T-Test case is started       **************** 
2024-03-29 23:53:59,291 INFO  [Log] ****************           -S-T-A-R-T-Login TestCase       **************** 
2024-03-29 23:55:23,810 INFO  [Log] ****************           -S-T-A-R-T-Test case is started       **************** 
2024-03-29 23:55:23,812 INFO  [Log] ****************           -S-T-A-R-T-Login TestCase       **************** 
2024-03-30 00:00:43,951 INFO  [Log] ****************           -S-T-A-R-T-Test case is started       **************** 
2024-03-30 00:00:43,953 INFO  [Log] ****************           -S-T-A-R-T-Login TestCase       **************** 
2024-03-30 00:02:46,527 INFO  [Log] ****************           -S-T-A-R-T-Test case is started       **************** 
2024-03-30 00:02:46,609 INFO  [Log] Successfully entered the username :teena@raghav.com 
2024-03-30 00:02:46,798 INFO  [Log] Successfully entered the password :pritishtina@1 
2024-03-30 00:02:48,224 INFO  [Log] Login successful. 
2024-03-30 00:02:49,413 INFO  [Log] UserMenu dropdown is clicked. 
2024-03-30 19:03:43,092 INFO  [Log] ****************           -S-T-A-R-T-MY profile settings tectcase started       **************** 
2024-03-30 19:04:03,515 INFO  [Log] ****************           -S-T-A-R-T-Login TestCase       **************** 
2024-03-30 19:04:03,602 INFO  [Log] Successfully entered the username :teena@raghav.com 
2024-03-30 19:04:03,686 INFO  [Log] Successfully entered the password :pritishtina@1 
2024-03-30 19:04:05,456 INFO  [Log] Login successful. 
2024-03-30 19:04:34,435 INFO  [Log] ****************           -S-T-A-R-T-MY profile settings tectcase started       **************** 
2024-03-30 19:04:54,838 INFO  [Log] ****************           -S-T-A-R-T-Login TestCase       **************** 
2024-03-30 19:04:54,926 INFO  [Log] Successfully entered the username :teena@raghav.com 
2024-03-30 19:04:55,002 INFO  [Log] Successfully entered the password :pritishtina@1 
2024-03-30 19:04:56,389 INFO  [Log] Login successful. 
2024-03-30 19:07:22,778 INFO  [Log] ****************           -S-T-A-R-T-MY profile settings tectcase started       **************** 
2024-03-30 19:07:32,936 INFO  [Log] ****************           -S-T-A-R-T-Login TestCase       **************** 
2024-03-30 19:07:33,085 INFO  [Log] Successfully entered the username :teena@raghav.com 
2024-03-30 19:07:33,184 INFO  [Log] Successfully entered the password :pritishtina@1 
2024-03-30 19:07:35,235 INFO  [Log] Login successful. 
2024-03-30 19:10:54,998 INFO  [Log] ****************           -S-T-A-R-T-MY profile settings tectcase started       **************** 
2024-03-30 19:10:55,042 INFO  [Log] ****************           -S-T-A-R-T-Login TestCase       **************** 
2024-03-30 19:10:55,127 INFO  [Log] Successfully entered the username :teena@raghav.com 
2024-03-30 19:10:55,222 INFO  [Log] Successfully entered the password :pritishtina@1 
2024-03-30 19:10:56,827 INFO  [Log] Login successful. 
2024-03-30 19:11:44,822 INFO  [Log] ****************           -S-T-A-R-T-MY profile settings tectcase started       **************** 
2024-03-30 19:12:15,366 INFO  [Log] ****************           -S-T-A-R-T-Login TestCase       **************** 
2024-03-30 19:12:15,495 INFO  [Log] Successfully entered the username :teena@raghav.com 
2024-03-30 19:12:15,586 INFO  [Log] Successfully entered the password :pritishtina@1 
2024-03-30 19:12:16,004 INFO  [Log] Login successful. 
2024-03-30 19:14:00,106 INFO  [Log] ****************           -S-T-A-R-T-MY profile settings tectcase started       **************** 
2024-03-30 19:14:30,179 INFO  [Log] ****************           -S-T-A-R-T-Login TestCase       **************** 
2024-03-30 19:14:30,304 INFO  [Log] Successfully entered the username :teena@raghav.com 
2024-03-30 19:14:30,389 INFO  [Log] Successfully entered the password :pritishtina@1 
2024-03-30 19:14:31,876 INFO  [Log] Login successful. 
2024-03-30 19:16:03,644 INFO  [Log] ****************           -S-T-A-R-T-MY profile settings tectcase started       **************** 
2024-03-30 19:16:33,763 INFO  [Log] ****************           -S-T-A-R-T-Login TestCase       **************** 
2024-03-30 19:16:33,880 INFO  [Log] Successfully entered the username :teena@raghav.com 
2024-03-30 19:16:33,971 INFO  [Log] Successfully entered the password :pritishtina@1 
2024-03-30 19:16:35,604 INFO  [Log] Login successful. 
2024-03-30 19:19:03,378 INFO  [Log] ****************           -S-T-A-R-T-Login TestCase       **************** 
2024-03-30 19:19:03,514 INFO  [Log] Successfully entered the username :teena@raghav.com 
2024-03-30 19:19:03,591 INFO  [Log] Successfully entered the password :pritishtina@1 
2024-03-30 19:19:04,874 INFO  [Log] Login successful. 
2024-03-30 19:21:57,967 INFO  [Log] ****************           -S-T-A-R-T-Login TestCase       **************** 
2024-03-30 19:21:58,053 INFO  [Log] Successfully entered the username :teena@raghav.com 
2024-03-30 19:21:58,249 INFO  [Log] Successfully entered the password :pritishtina@1 
2024-03-30 19:21:59,674 INFO  [Log] Login successful. 
2024-03-30 19:26:45,797 INFO  [Log] ****************           -S-T-A-R-T-MY profile settings tectcase started       **************** 
2024-03-30 19:29:42,228 INFO  [Log] ****************           -S-T-A-R-T-MY profile settings tectcase started       **************** 
2024-03-30 19:30:12,801 INFO  [Log] ****************           -S-T-A-R-T-Login TestCase       **************** 
2024-03-30 19:30:12,931 INFO  [Log] Successfully entered the username 
2024-03-30 19:30:13,002 INFO  [Log] Successfully entered the password 
2024-03-30 19:30:14,949 INFO  [Log] Login successful. 
2024-03-30 19:30:16,412 INFO  [Log] Usermenu dropdown is clicked. 
2024-03-30 19:31:04,735 INFO  [Log] ****************           -S-T-A-R-T-MY profile settings tectcase started       **************** 
2024-03-30 19:31:35,145 INFO  [Log] ****************           -S-T-A-R-T-Login TestCase       **************** 
2024-03-30 19:31:35,297 INFO  [Log] Successfully entered the username 
2024-03-30 19:31:35,533 INFO  [Log] Successfully entered the password 
2024-03-30 19:31:37,044 INFO  [Log] Login successful. 
2024-03-30 19:31:38,212 INFO  [Log] Usermenu dropdown is clicked. 
2024-03-30 19:32:45,142 INFO  [Log] ****************           -S-T-A-R-T-Test case is started       **************** 
2024-03-30 19:32:45,260 INFO  [Log] Successfully entered the username  
2024-03-30 19:32:45,556 INFO  [Log] Successfully entered the password  
2024-03-30 19:32:46,978 INFO  [Log] Login successful. 
2024-03-30 19:32:48,335 INFO  [Log] UserMenu dropdown is clicked. 
2024-03-30 19:33:33,092 INFO  [Log] ****************           -S-T-A-R-T-TestCase started       **************** 
2024-03-30 19:33:33,190 INFO  [Log] Succesfully entered the username 
2024-03-30 19:33:33,391 INFO  [Log] Successfully password entered. 
2024-03-30 19:33:33,477 INFO  [Log] Successfully checked remember me checkbox. . 
2024-03-30 19:33:34,889 INFO  [Log] Login successful. 
2024-03-30 19:33:36,138 INFO  [Log] Usermenu button is clicked. 
2024-03-30 19:33:36,396 INFO  [Log] Logged Out successfully. 
2024-03-30 19:33:36,401 INFO  [Log] Username field is populated. 
2024-03-30 19:35:43,342 INFO  [Log] ****************           -S-T-A-R-T-Login TestCase       **************** 
2024-03-30 19:35:43,443 INFO  [Log] Successfully entered the username 
2024-03-30 19:35:43,513 INFO  [Log] Successfully entered the password 
2024-03-30 19:35:44,920 INFO  [Log] Login successful. 
2024-03-30 19:35:45,984 INFO  [Log] Usermenu dropdown is clicked. 
2024-03-30 19:35:45,984 INFO  [Log] ****************           -S-T-A-R-T-MY profile settings tectcase started       **************** 
2024-03-30 19:35:47,796 INFO  [Log] MyProfile is clicked. 
2024-03-30 19:35:47,894 INFO  [Log] Edit Button next to contact is clicked. 
2024-03-30 19:37:37,262 INFO  [Log] ****************           -S-T-A-R-T-Login TestCase       **************** 
2024-03-30 19:37:37,353 INFO  [Log] Successfully entered the username 
2024-03-30 19:37:37,559 INFO  [Log] Successfully entered the password 
2024-03-30 19:37:38,829 INFO  [Log] Login successful. 
2024-03-30 19:37:39,989 INFO  [Log] Usermenu dropdown is clicked. 
2024-03-30 19:37:39,989 INFO  [Log] ****************           -S-T-A-R-T-MY profile settings tectcase started       **************** 
2024-03-30 19:37:41,511 INFO  [Log] MyProfile is clicked. 
2024-03-30 19:37:41,605 INFO  [Log] Edit Button next to contact is clicked. 
2024-03-30 19:46:21,712 INFO  [Log] ****************           -S-T-A-R-T-Login TestCase       **************** 
2024-03-30 19:46:21,819 INFO  [Log] Successfully entered the username 
2024-03-30 19:46:21,898 INFO  [Log] Successfully entered the password 
2024-03-30 19:46:23,521 INFO  [Log] Login successful. 
2024-03-30 19:46:24,834 INFO  [Log] Usermenu dropdown is clicked. 
2024-03-30 19:46:24,834 INFO  [Log] ****************           -S-T-A-R-T-MY profile settings tectcase started       **************** 
2024-03-30 19:46:26,357 INFO  [Log] MyProfile is clicked. 
2024-03-30 19:46:26,443 INFO  [Log] Edit Button next to contact is clicked. 
2024-03-30 19:50:33,112 INFO  [Log] ****************           -S-T-A-R-T-Login TestCase       **************** 
2024-03-30 19:50:33,386 INFO  [Log] Successfully entered the username 
2024-03-30 19:50:33,522 INFO  [Log] Successfully entered the password 
2024-03-30 19:50:34,874 INFO  [Log] Login successful. 
2024-03-30 19:50:36,255 INFO  [Log] Usermenu dropdown is clicked. 
2024-03-30 19:50:36,256 INFO  [Log] ****************           -S-T-A-R-T-MY profile settings tectcase started       **************** 
2024-03-30 19:50:37,833 INFO  [Log] MyProfile is clicked. 
2024-03-30 19:50:37,927 INFO  [Log] Edit Button next to contact is clicked. 
2024-03-30 20:54:29,141 INFO  [Log] ****************           -S-T-A-R-T-Login TestCase       **************** 
2024-03-30 20:54:29,230 INFO  [Log] Successfully entered the username 
2024-03-30 20:54:29,316 INFO  [Log] Successfully entered the password 
2024-03-30 20:54:31,029 INFO  [Log] Login successful. 
2024-03-30 20:54:32,517 INFO  [Log] Usermenu dropdown is clicked. 
2024-03-30 20:54:32,518 INFO  [Log] ****************           -S-T-A-R-T-MY profile settings tectcase started       **************** 
2024-03-30 20:54:33,912 INFO  [Log] MyProfile is clicked. 
2024-03-30 20:54:34,010 INFO  [Log] Edit Button next to contact is clicked. 
2024-03-30 20:54:34,011 INFO  [Log] Successfully switched to frame. 
2024-03-30 20:57:50,987 INFO  [Log] ****************           -S-T-A-R-T-Login TestCase       **************** 
2024-03-30 20:57:51,105 INFO  [Log] Successfully entered the username 
2024-03-30 20:57:51,343 INFO  [Log] Successfully entered the password 
2024-03-30 20:57:52,794 INFO  [Log] Login successful. 
2024-03-30 20:57:54,266 INFO  [Log] Usermenu dropdown is clicked. 
2024-03-30 20:57:54,266 INFO  [Log] ****************           -S-T-A-R-T-MY profile settings tectcase started       **************** 
2024-03-30 20:57:55,808 INFO  [Log] MyProfile is clicked. 
2024-03-30 20:57:55,920 INFO  [Log] Edit Button next to contact is clicked. 
2024-03-30 21:47:23,588 INFO  [Log] ****************           -S-T-A-R-T-Login TestCase       **************** 
2024-03-30 21:47:23,742 INFO  [Log] Successfully entered the username 
2024-03-30 21:47:23,880 INFO  [Log] Successfully entered the password 
2024-03-30 21:47:25,599 INFO  [Log] Login successful. 
2024-03-30 21:47:27,225 INFO  [Log] Usermenu dropdown is clicked. 
2024-03-30 21:47:27,225 INFO  [Log] ****************           -S-T-A-R-T-MY profile settings tectcase started       **************** 
2024-03-30 21:47:28,976 INFO  [Log] MyProfile is clicked. 
2024-03-30 21:47:29,099 INFO  [Log] Edit Button next to contact is clicked. 
2024-03-30 21:53:42,949 INFO  [Log] ****************           -S-T-A-R-T-Login TestCase       **************** 
2024-03-30 21:53:43,265 INFO  [Log] Successfully entered the username 
2024-03-30 21:53:43,356 INFO  [Log] Successfully entered the password 
2024-03-30 21:53:44,717 INFO  [Log] Login successful. 
2024-03-30 21:53:46,146 INFO  [Log] Usermenu dropdown is clicked. 
2024-03-30 21:53:46,146 INFO  [Log] ****************           -S-T-A-R-T-MY profile settings tectcase started       **************** 
2024-03-30 21:53:47,907 INFO  [Log] MyProfile is clicked. 
2024-03-30 21:53:48,008 INFO  [Log] Edit Button next to contact is clicked. 
2024-03-30 21:53:48,181 INFO  [Log] Successfully switched to frame. 
2024-03-30 21:53:48,508 INFO  [Log] About tab is clicked. 
2024-03-30 22:04:05,703 INFO  [Log] ****************           -S-T-A-R-T-Login TestCase       **************** 
2024-03-30 22:04:05,862 INFO  [Log] Successfully entered the username 
2024-03-30 22:04:06,082 INFO  [Log] Successfully entered the password 
2024-03-30 22:04:07,511 INFO  [Log] Login successful. 
2024-03-30 22:04:08,827 INFO  [Log] Usermenu dropdown is clicked. 
2024-03-30 22:04:08,827 INFO  [Log] ****************           -S-T-A-R-T-MY profile settings tectcase started       **************** 
2024-03-30 22:04:10,601 INFO  [Log] MyProfile is clicked. 
2024-03-30 22:04:10,702 INFO  [Log] Edit Button next to contact is clicked. 
2024-03-30 22:10:15,293 INFO  [Log] ****************           -S-T-A-R-T-Login TestCase       **************** 
2024-03-30 22:10:15,475 INFO  [Log] Successfully entered the username 
2024-03-30 22:10:15,567 INFO  [Log] Successfully entered the password 
2024-03-30 22:10:20,240 INFO  [Log] Login successful. 
2024-03-30 22:10:20,305 INFO  [Log] Usermenu dropdown is clicked. 
2024-03-30 22:10:20,305 INFO  [Log] ****************           -S-T-A-R-T-MY profile settings tectcase started       **************** 
2024-03-30 22:10:21,753 INFO  [Log] MyProfile is clicked. 
2024-03-30 22:10:21,887 INFO  [Log] Edit Button next to contact is clicked. 
2024-03-30 22:10:22,059 INFO  [Log] Successfully switched to frame. 
2024-03-30 22:10:22,419 INFO  [Log] About tab is clicked. 
2024-03-30 22:10:22,591 INFO  [Log] Lastname is entered successfully. 
2024-03-30 22:10:23,431 INFO  [Log] Save All button is clicked. 
2024-03-30 22:15:08,168 INFO  [Log] ****************           -S-T-A-R-T-Login TestCase       **************** 
2024-03-30 22:15:08,273 INFO  [Log] Successfully entered the username 
2024-03-30 22:15:08,354 INFO  [Log] Successfully entered the password 
2024-03-30 22:15:09,710 INFO  [Log] Login successful. 
2024-03-30 22:15:11,031 INFO  [Log] Usermenu dropdown is clicked. 
2024-03-30 22:15:11,031 INFO  [Log] ****************           -S-T-A-R-T-MY profile settings tectcase started       **************** 
2024-03-30 22:15:12,570 INFO  [Log] MyProfile is clicked. 
2024-03-30 22:15:12,678 INFO  [Log] Edit Button next to contact is clicked. 
2024-03-30 22:15:12,836 INFO  [Log] Successfully switched to frame. 
2024-03-30 22:15:13,051 INFO  [Log] About tab is clicked. 
2024-03-30 22:15:13,342 INFO  [Log] Lastname is entered successfully. 
2024-03-30 22:15:13,916 INFO  [Log] Save All button is clicked. 
2024-03-30 22:15:14,293 INFO  [Log] Successfully switched to default frame. 
2024-03-30 22:20:51,380 INFO  [Log] ****************           -S-T-A-R-T-Login TestCase       **************** 
2024-03-30 22:20:51,521 INFO  [Log] Successfully entered the username 
2024-03-30 22:20:51,840 INFO  [Log] Successfully entered the password 
2024-03-30 22:20:53,437 INFO  [Log] Login successful. 
2024-03-30 22:20:54,873 INFO  [Log] Usermenu dropdown is clicked. 
2024-03-30 22:20:54,873 INFO  [Log] ****************           -S-T-A-R-T-MY profile settings tectcase started       **************** 
2024-03-30 22:20:56,666 INFO  [Log] MyProfile is clicked. 
2024-03-30 22:20:56,798 INFO  [Log] Post link clicked successfully. 
2024-03-30 22:32:42,486 INFO  [Log] ****************           -S-T-A-R-T-Login TestCase       **************** 
2024-03-30 22:32:42,610 INFO  [Log] Successfully entered the username 
2024-03-30 22:32:42,694 INFO  [Log] Successfully entered the password 
2024-03-30 22:32:44,166 INFO  [Log] Login successful. 
2024-03-30 22:32:45,396 INFO  [Log] Usermenu dropdown is clicked. 
2024-03-30 22:32:45,396 INFO  [Log] ****************           -S-T-A-R-T-MY profile settings tectcase started       **************** 
2024-03-30 22:32:46,763 INFO  [Log] MyProfile is clicked. 
2024-03-30 22:34:05,736 INFO  [Log] ****************           -S-T-A-R-T-Login TestCase       **************** 
2024-03-30 22:34:05,828 INFO  [Log] Successfully entered the username 
2024-03-30 22:34:05,905 INFO  [Log] Successfully entered the password 
2024-03-30 22:34:07,538 INFO  [Log] Login successful. 
2024-03-30 22:34:08,913 INFO  [Log] Usermenu dropdown is clicked. 
2024-03-30 22:34:08,913 INFO  [Log] ****************           -S-T-A-R-T-MY profile settings tectcase started       **************** 
2024-03-30 22:34:10,584 INFO  [Log] MyProfile is clicked. 
2024-03-30 22:34:11,349 INFO  [Log] Posted Successfully 
2024-03-30 23:02:54,643 INFO  [Log] ****************           -S-T-A-R-T-Login TestCase       **************** 
2024-03-30 23:02:54,762 INFO  [Log] Successfully entered the username 
2024-03-30 23:02:54,841 INFO  [Log] Successfully entered the password 
2024-03-30 23:02:56,763 INFO  [Log] Login successful. 
2024-03-30 23:02:59,118 INFO  [Log] Usermenu dropdown is clicked. 
2024-03-30 23:02:59,119 INFO  [Log] ****************           -S-T-A-R-T-MY profile settings tectcase started       **************** 
2024-03-30 23:03:00,953 INFO  [Log] MyProfile is clicked. 
2024-03-30 23:03:01,245 INFO  [Log] File is shared successfully. 
2024-03-30 23:26:27,219 INFO  [Log] ****************           -S-T-A-R-T-Login TestCase       **************** 
2024-03-30 23:26:27,322 INFO  [Log] Successfully entered the username 
2024-03-30 23:26:27,705 INFO  [Log] Successfully entered the password 
2024-03-30 23:26:29,149 INFO  [Log] Login successful. 
2024-03-30 23:26:30,659 INFO  [Log] Usermenu dropdown is clicked. 
2024-03-30 23:26:30,659 INFO  [Log] ****************           -S-T-A-R-T-MY profile settings tectcase started       **************** 
2024-03-30 23:26:32,359 INFO  [Log] MyProfile is clicked. 
2024-03-30 23:26:32,468 INFO  [Log] Edit Button next to contact is clicked. 
2024-03-30 23:26:32,633 INFO  [Log] Successfully switched to frame. 
2024-03-30 23:26:32,731 INFO  [Log] About tab is clicked. 
2024-03-30 23:26:33,004 INFO  [Log] Lastname is entered successfully. 
2024-03-30 23:26:33,761 INFO  [Log] Save All button is clicked. 
2024-03-30 23:26:34,260 INFO  [Log] Successfully switched to default frame. 
2024-03-30 23:26:34,885 INFO  [Log] Posted Successfully 
2024-03-30 23:26:35,254 INFO  [Log] File is shared successfully. 
2024-03-30 23:32:44,121 INFO  [Log] ****************           -S-T-A-R-T-Login TestCase       **************** 
2024-03-30 23:32:44,295 INFO  [Log] Successfully entered the username 
2024-03-30 23:32:44,606 INFO  [Log] Successfully entered the password 
2024-03-30 23:32:46,058 INFO  [Log] Login successful. 
2024-03-30 23:32:47,837 INFO  [Log] Usermenu dropdown is clicked. 
2024-03-30 23:32:47,838 INFO  [Log] ****************           -S-T-A-R-T-MY profile settings tectcase started       **************** 
2024-03-30 23:32:50,299 INFO  [Log] MyProfile is clicked. 
2024-03-30 23:36:24,128 INFO  [Log] ****************           -S-T-A-R-T-Login TestCase       **************** 
2024-03-30 23:36:24,281 INFO  [Log] Successfully entered the username 
2024-03-30 23:36:24,597 INFO  [Log] Successfully entered the password 
2024-03-30 23:36:26,152 INFO  [Log] Login successful. 
2024-03-30 23:36:27,711 INFO  [Log] Usermenu dropdown is clicked. 
2024-03-30 23:36:27,711 INFO  [Log] ****************           -S-T-A-R-T-MY profile settings tectcase started       **************** 
2024-03-30 23:36:29,261 INFO  [Log] MyProfile is clicked. 
2024-03-30 23:36:33,603 INFO  [Log] Photo is uploaded successfully. 
2024-03-30 23:36:33,603 INFO  [Log] ***************             -E---N---D-Test case ended         *************** 
2024-03-30 23:40:52,120 INFO  [Log] ****************           -S-T-A-R-T-Login TestCase       **************** 
2024-03-30 23:40:52,232 INFO  [Log] Successfully entered the username 
2024-03-30 23:40:52,321 INFO  [Log] Successfully entered the password 
2024-03-30 23:40:53,921 INFO  [Log] Login successful. 
2024-03-30 23:40:55,594 INFO  [Log] Usermenu dropdown is clicked. 
2024-03-30 23:40:55,594 INFO  [Log] ****************           -S-T-A-R-T-MY profile settings tectcase started       **************** 
2024-03-30 23:40:57,566 INFO  [Log] MyProfile is clicked. 
2024-03-30 23:40:57,663 INFO  [Log] Edit Button next to contact is clicked. 
2024-03-30 23:40:57,852 INFO  [Log] Successfully switched to frame. 
2024-03-30 23:40:58,135 INFO  [Log] About tab is clicked. 
2024-03-30 23:40:58,377 INFO  [Log] Lastname is entered successfully. 
2024-03-30 23:40:58,921 INFO  [Log] Save All button is clicked. 
2024-03-30 23:40:59,476 INFO  [Log] Successfully switched to default frame. 
2024-03-30 23:41:00,083 INFO  [Log] Posted Successfully 
2024-03-30 23:41:00,425 INFO  [Log] File is shared successfully. 
2024-03-30 23:41:04,645 INFO  [Log] Photo is uploaded successfully. 
2024-03-30 23:41:04,650 INFO  [Log] ***************             -E---N---D-Test case ended         *************** 
2024-03-30 23:43:16,227 INFO  [Log] ****************           -S-T-A-R-T-Login TestCase       **************** 
2024-03-30 23:43:16,320 INFO  [Log] Successfully entered the username 
2024-03-30 23:43:16,559 INFO  [Log] Successfully entered the password 
2024-03-30 23:43:17,798 INFO  [Log] Login successful. 
2024-03-30 23:43:19,086 INFO  [Log] Usermenu dropdown is clicked. 
2024-03-30 23:43:19,086 INFO  [Log] ****************           -S-T-A-R-T-MY profile settings tectcase started       **************** 
2024-03-30 23:43:20,642 INFO  [Log] MyProfile is clicked. 
2024-03-30 23:43:20,752 INFO  [Log] Edit Button next to contact is clicked. 
2024-03-30 23:43:20,911 INFO  [Log] Successfully switched to frame. 
2024-03-30 23:43:21,133 INFO  [Log] About tab is clicked. 
2024-03-30 23:43:21,415 INFO  [Log] Lastname is entered successfully. 
2024-03-30 23:43:22,030 INFO  [Log] Save All button is clicked. 
2024-03-30 23:43:22,493 INFO  [Log] Successfully switched to default frame. 
2024-03-30 23:43:23,135 INFO  [Log] Posted Successfully 
2024-03-30 23:43:23,460 INFO  [Log] File is shared successfully. 
2024-03-30 23:43:27,626 INFO  [Log] Photo is uploaded successfully. 
2024-03-30 23:43:27,629 INFO  [Log] ***************             -E---N---D-Test case ended         *************** 
2024-03-30 23:46:10,100 INFO  [Log] ****************           -S-T-A-R-T-Login TestCase       **************** 
2024-03-30 23:46:10,215 INFO  [Log] Successfully entered the username 
2024-03-30 23:46:10,296 INFO  [Log] Successfully entered the password 
2024-03-30 23:46:11,627 INFO  [Log] Login successful. 
2024-03-30 23:46:13,242 INFO  [Log] Usermenu dropdown is clicked. 
2024-03-30 23:46:13,242 INFO  [Log] ****************           -S-T-A-R-T-MY profile settings tectcase started       **************** 
2024-03-30 23:46:15,193 INFO  [Log] MyProfile is clicked. 
2024-03-30 23:46:15,300 INFO  [Log] Edit Button next to contact is clicked. 
2024-03-30 23:46:15,473 INFO  [Log] Successfully switched to frame. 
2024-03-30 23:46:15,751 INFO  [Log] About tab is clicked. 
2024-03-30 23:46:15,913 INFO  [Log] Lastname is entered successfully. 
2024-03-30 23:46:16,478 INFO  [Log] Save All button is clicked. 
2024-03-30 23:46:16,913 INFO  [Log] Successfully switched to default frame. 
2024-03-30 23:46:17,622 INFO  [Log] Posted Successfully 
2024-03-30 23:47:51,636 INFO  [Log] ****************           -S-T-A-R-T-Login TestCase       **************** 
2024-03-30 23:47:51,726 INFO  [Log] Successfully entered the username 
2024-03-30 23:47:51,820 INFO  [Log] Successfully entered the password 
2024-03-30 23:47:53,095 INFO  [Log] Login successful. 
2024-03-30 23:47:54,292 INFO  [Log] Usermenu dropdown is clicked. 
2024-03-30 23:47:54,292 INFO  [Log] ****************           -S-T-A-R-T-MY profile settings tectcase started       **************** 
2024-03-30 23:47:55,784 INFO  [Log] MyProfile is clicked. 
2024-03-30 23:47:55,897 INFO  [Log] Edit Button next to contact is clicked. 
2024-03-30 23:47:56,102 INFO  [Log] Successfully switched to frame. 
2024-03-30 23:47:56,419 INFO  [Log] About tab is clicked. 
2024-03-30 23:47:56,538 INFO  [Log] Lastname is entered successfully. 
2024-03-30 23:47:57,005 INFO  [Log] Save All button is clicked. 
2024-03-30 23:47:57,409 INFO  [Log] Successfully switched to default frame. 
2024-03-30 23:47:58,076 INFO  [Log] Posted Successfully 
2024-03-30 23:48:21,803 INFO  [Log] ****************           -S-T-A-R-T-Login TestCase       **************** 
2024-03-30 23:48:21,888 INFO  [Log] Successfully entered the username 
2024-03-30 23:48:21,977 INFO  [Log] Successfully entered the password 
2024-03-30 23:48:23,276 INFO  [Log] Login successful. 
2024-03-30 23:48:24,385 INFO  [Log] Usermenu dropdown is clicked. 
2024-03-30 23:48:24,385 INFO  [Log] ****************           -S-T-A-R-T-MY profile settings tectcase started       **************** 
2024-03-30 23:48:25,774 INFO  [Log] MyProfile is clicked. 
2024-03-30 23:48:25,860 INFO  [Log] Edit Button next to contact is clicked. 
2024-03-30 23:48:26,007 INFO  [Log] Successfully switched to frame. 
2024-03-30 23:48:26,313 INFO  [Log] About tab is clicked. 
2024-03-30 23:48:26,448 INFO  [Log] Lastname is entered successfully. 
2024-03-30 23:48:26,966 INFO  [Log] Save All button is clicked. 
2024-03-30 23:48:27,370 INFO  [Log] Successfully switched to default frame. 
2024-03-30 23:48:27,961 INFO  [Log] Posted Successfully 
2024-03-30 23:48:28,286 INFO  [Log] File is shared successfully. 
2024-03-30 23:48:32,342 INFO  [Log] Photo is uploaded successfully. 
2024-03-30 23:48:32,342 INFO  [Log] ***************             -E---N---D-Test case ended         *************** 
2024-03-31 14:56:55,268 INFO  [Log] ****************           -S-T-A-R-T-Login TestCase       **************** 
2024-03-31 14:56:55,355 INFO  [Log] Successfully entered the username 
2024-03-31 14:56:55,449 INFO  [Log] Successfully entered the password 
2024-03-31 14:56:57,094 INFO  [Log] Login successful. 
2024-03-31 14:56:58,253 INFO  [Log] Usermenu dropdown is clicked. 
2024-03-31 14:56:58,356 INFO  [Log] Developer Console is clicked and window is opened. 
2024-03-31 15:06:01,347 INFO  [Log] ****************           -S-T-A-R-T-Login TestCase       **************** 
2024-03-31 15:06:01,510 INFO  [Log] Successfully entered the username 
2024-03-31 15:06:01,749 INFO  [Log] Successfully entered the password 
2024-03-31 15:06:03,271 INFO  [Log] Login successful. 
2024-03-31 15:06:04,496 INFO  [Log] Usermenu dropdown is clicked. 
2024-03-31 15:06:04,769 INFO  [Log] Logged out successfully 
2024-03-31 15:52:32,358 INFO  [Log] ****************           -S-T-A-R-T-Login TestCase       **************** 
2024-03-31 15:52:32,487 INFO  [Log] Successfully entered the username 
2024-03-31 15:52:32,569 INFO  [Log] Successfully entered the password 
2024-03-31 15:52:34,066 INFO  [Log] Login successful. 
2024-03-31 15:52:37,733 INFO  [Log] Account tab is clicked. 
2024-03-31 15:52:38,124 INFO  [Log] New button is clicked 
2024-03-31 15:52:38,195 INFO  [Log] Account name is entered. 
2024-03-31 15:52:38,360 INFO  [Log] Technology Partner type is selected 
2024-03-31 16:07:00,138 INFO  [Log] ****************           -S-T-A-R-T-Login TestCase       **************** 
2024-03-31 16:07:00,255 INFO  [Log] Successfully entered the username 
2024-03-31 16:07:00,347 INFO  [Log] Successfully entered the password 
2024-03-31 16:07:01,912 INFO  [Log] Login successful. 
2024-03-31 16:07:03,649 INFO  [Log] Account tab is clicked. 
2024-03-31 16:07:04,052 INFO  [Log] New button is clicked 
2024-03-31 16:07:04,135 INFO  [Log] Account name is entered. 
2024-03-31 16:07:04,256 INFO  [Log] Technology Partner type is selected 
2024-03-31 16:09:36,867 INFO  [Log] ****************           -S-T-A-R-T-Login TestCase       **************** 
2024-03-31 16:09:36,962 INFO  [Log] Successfully entered the username 
2024-03-31 16:09:37,154 INFO  [Log] Successfully entered the password 
2024-03-31 16:09:38,611 INFO  [Log] Login successful. 
2024-03-31 16:09:40,947 INFO  [Log] Account tab is clicked. 
2024-03-31 16:09:41,422 INFO  [Log] New button is clicked 
2024-03-31 16:09:41,511 INFO  [Log] Account name is entered. 
2024-03-31 16:09:41,650 INFO  [Log] Technology Partner type is selected 
2024-03-31 16:11:29,252 INFO  [Log] ****************           -S-T-A-R-T-Login TestCase       **************** 
2024-03-31 16:11:29,351 INFO  [Log] Successfully entered the username 
2024-03-31 16:11:29,426 INFO  [Log] Successfully entered the password 
2024-03-31 16:11:31,427 INFO  [Log] Login successful. 
2024-03-31 16:11:33,035 INFO  [Log] Account tab is clicked. 
2024-03-31 16:11:33,431 INFO  [Log] New button is clicked 
2024-03-31 16:11:33,535 INFO  [Log] Account name is entered. 
2024-03-31 16:11:33,677 INFO  [Log] Technology Partner type is selected 
2024-03-31 16:13:51,909 INFO  [Log] ****************           -S-T-A-R-T-Login TestCase       **************** 
2024-03-31 16:13:52,016 INFO  [Log] Successfully entered the username 
2024-03-31 16:13:52,092 INFO  [Log] Successfully entered the password 
2024-03-31 16:13:53,507 INFO  [Log] Login successful. 
2024-03-31 16:13:55,010 INFO  [Log] Account tab is clicked. 
2024-03-31 16:13:55,432 INFO  [Log] New button is clicked 
2024-03-31 16:13:55,498 INFO  [Log] Account name is entered. 
2024-03-31 16:13:55,617 INFO  [Log] Technology Partner type is selected 
2024-03-31 16:13:55,767 INFO  [Log] Priority as High is selected 
2024-03-31 16:13:56,995 INFO  [Log] Accounts Details is saved. 
2024-03-31 16:13:56,995 INFO  [Log] ***************             -E---N---D-New Account is created.         *************** 
2024-04-01 04:14:42,279 INFO  [Log] ****************           -S-T-A-R-T-Login TestCase       **************** 
2024-04-01 04:14:42,376 INFO  [Log] Successfully entered the username 
2024-04-01 04:14:42,469 INFO  [Log] Successfully entered the password 
2024-04-01 04:14:44,429 INFO  [Log] Login successful. 
2024-04-01 04:14:46,668 INFO  [Log] Account tab is clicked. 
2024-04-01 04:14:47,081 INFO  [Log] New view Link is clicked. 
2024-04-01 04:14:47,176 INFO  [Log] New view name is entered.. 
2024-04-01 04:14:47,225 INFO  [Log] View unique name is entered. 
2024-04-01 04:14:48,165 INFO  [Log] New View details is saved. 
2024-04-01 04:17:08,315 INFO  [Log] ****************           -S-T-A-R-T-Login TestCase       **************** 
2024-04-01 04:17:08,418 INFO  [Log] Successfully entered the username 
2024-04-01 04:17:08,604 INFO  [Log] Successfully entered the password 
2024-04-01 04:17:10,071 INFO  [Log] Login successful. 
2024-04-01 04:17:12,254 INFO  [Log] Account tab is clicked. 
2024-04-01 04:17:12,574 INFO  [Log] New view Link is clicked. 
2024-04-01 04:17:12,667 INFO  [Log] New view name is entered.. 
2024-04-01 04:17:12,725 INFO  [Log] View unique name is entered. 
2024-04-01 04:17:13,359 INFO  [Log] New View details is saved. 
2024-04-01 04:18:23,233 INFO  [Log] ****************           -S-T-A-R-T-Login TestCase       **************** 
2024-04-01 04:18:23,327 INFO  [Log] Successfully entered the username 
2024-04-01 04:18:23,506 INFO  [Log] Successfully entered the password 
2024-04-01 04:18:24,863 INFO  [Log] Login successful. 
2024-04-01 04:18:26,606 INFO  [Log] Account tab is clicked. 
2024-04-01 04:18:27,023 INFO  [Log] New view Link is clicked. 
2024-04-01 04:18:27,132 INFO  [Log] New view name is entered.. 
2024-04-01 04:18:27,183 INFO  [Log] View unique name is entered. 
2024-04-01 04:18:28,210 INFO  [Log] New View details is saved. 
2024-04-01 04:20:20,272 INFO  [Log] ****************           -S-T-A-R-T-Login TestCase       **************** 
2024-04-01 04:20:20,383 INFO  [Log] Successfully entered the username 
2024-04-01 04:20:20,698 INFO  [Log] Successfully entered the password 
2024-04-01 04:20:22,267 INFO  [Log] Login successful. 
2024-04-01 04:20:23,923 INFO  [Log] Account tab is clicked. 
2024-04-01 04:20:24,308 INFO  [Log] New view Link is clicked. 
2024-04-01 04:20:24,415 INFO  [Log] New view name is entered.. 
2024-04-01 04:20:24,643 INFO  [Log] View unique name is entered. 
2024-04-01 04:20:24,912 INFO  [Log] New View details is saved. 
2024-04-01 04:21:30,447 INFO  [Log] ****************           -S-T-A-R-T-Login TestCase       **************** 
2024-04-01 04:21:30,717 INFO  [Log] Successfully entered the username 
2024-04-01 04:21:30,839 INFO  [Log] Successfully entered the password 
2024-04-01 04:21:32,363 INFO  [Log] Login successful. 
2024-04-01 04:21:34,009 INFO  [Log] Account tab is clicked. 
2024-04-01 04:21:34,333 INFO  [Log] New view Link is clicked. 
2024-04-01 04:21:34,439 INFO  [Log] New view name is entered.. 
2024-04-01 04:21:34,666 INFO  [Log] View unique name is entered. 
2024-04-01 04:21:35,143 INFO  [Log] New View details is saved. 
2024-04-01 05:09:52,774 INFO  [Log] ****************           -S-T-A-R-T-Login TestCase       **************** 
2024-04-01 05:09:52,898 INFO  [Log] Successfully entered the username 
2024-04-01 05:09:53,070 INFO  [Log] Successfully entered the password 
2024-04-01 05:09:54,440 INFO  [Log] Login successful. 
2024-04-01 05:09:56,170 INFO  [Log] Account tab is clicked. 
2024-04-01 05:09:56,922 INFO  [Log] View name is selected. 
2024-04-01 05:09:57,318 INFO  [Log] Edit link is clicked. 
2024-04-01 05:09:57,530 INFO  [Log] New view name is entered. 
2024-04-01 05:09:57,611 INFO  [Log] value in field is selected. 
2024-04-01 05:16:29,466 INFO  [Log] ****************           -S-T-A-R-T-Login TestCase       **************** 
2024-04-01 05:16:29,570 INFO  [Log] Successfully entered the username 
2024-04-01 05:16:29,770 INFO  [Log] Successfully entered the password 
2024-04-01 05:16:31,222 INFO  [Log] Login successful. 
2024-04-01 05:16:32,856 INFO  [Log] Account tab is clicked. 
2024-04-01 05:16:32,990 INFO  [Log] View name is selected. 
2024-04-01 05:16:33,326 INFO  [Log] Edit link is clicked. 
2024-04-01 05:16:33,525 INFO  [Log] New view name is entered. 
2024-04-01 05:16:33,604 INFO  [Log] value in field is selected. 
2024-04-01 05:16:33,811 INFO  [Log] Operator is selected. 
2024-04-01 05:16:33,962 INFO  [Log] Value is entered. 
2024-04-01 05:22:45,471 INFO  [Log] ****************           -S-T-A-R-T-Login TestCase       **************** 
2024-04-01 05:22:45,559 INFO  [Log] Successfully entered the username 
2024-04-01 05:22:45,741 INFO  [Log] Successfully entered the password 
2024-04-01 05:22:47,208 INFO  [Log] Login successful. 
2024-04-01 05:22:48,855 INFO  [Log] Account tab is clicked. 
2024-04-01 05:22:48,969 INFO  [Log] View name is selected. 
2024-04-01 05:22:49,321 INFO  [Log] Edit link is clicked. 
2024-04-01 05:22:49,542 INFO  [Log] New view name is entered. 
2024-04-01 05:22:49,631 INFO  [Log] value in field is selected. 
2024-04-01 05:22:49,839 INFO  [Log] Operator is selected. 
2024-04-01 05:22:50,070 INFO  [Log] Value is entered. 
2024-04-01 05:26:34,338 INFO  [Log] ****************           -S-T-A-R-T-Login TestCase       **************** 
2024-04-01 05:26:34,458 INFO  [Log] Successfully entered the username 
2024-04-01 05:26:34,849 INFO  [Log] Successfully entered the password 
2024-04-01 05:26:36,379 INFO  [Log] Login successful. 
2024-04-01 05:26:37,930 INFO  [Log] Account tab is clicked. 
2024-04-01 05:26:38,045 INFO  [Log] View name is selected. 
2024-04-01 05:26:38,388 INFO  [Log] Edit link is clicked. 
2024-04-01 05:26:38,606 INFO  [Log] New view name is entered. 
2024-04-01 05:26:38,697 INFO  [Log] value in field is selected. 
2024-04-01 05:26:38,967 INFO  [Log] Operator is selected. 
2024-04-01 05:26:39,154 INFO  [Log] Value is entered. 
2024-04-01 05:33:21,024 INFO  [Log] ****************           -S-T-A-R-T-Login TestCase       **************** 
2024-04-01 05:33:21,174 INFO  [Log] Successfully entered the username 
2024-04-01 05:33:21,347 INFO  [Log] Successfully entered the password 
2024-04-01 05:33:22,754 INFO  [Log] Login successful. 
2024-04-01 05:33:24,417 INFO  [Log] Account tab is clicked. 
2024-04-01 05:33:24,523 INFO  [Log] View name is selected. 
2024-04-01 05:33:24,983 INFO  [Log] Edit link is clicked. 
2024-04-01 05:33:25,186 INFO  [Log] New view name is entered. 
2024-04-01 05:33:25,276 INFO  [Log] value in field is selected. 
2024-04-01 05:33:25,491 INFO  [Log] Operator is selected. 
2024-04-01 05:33:25,673 INFO  [Log] Value is entered. 
2024-04-01 17:12:38,988 INFO  [Log] ****************           -S-T-A-R-T-Login TestCase       **************** 
2024-04-01 17:12:45,574 INFO  [Log] ***************             -E---N---D-New Account is created.         *************** 
2024-04-01 18:43:36,478 INFO  [Log] ****************           -S-T-A-R-T-Login TestCase       **************** 
2024-04-01 18:43:36,579 INFO  [Log] Successfully entered the username 
2024-04-01 18:43:36,704 INFO  [Log] Successfully entered the password 
2024-04-01 18:43:38,655 INFO  [Log] Login successful. 
2024-04-01 18:43:39,784 INFO  [Log] Usermenu dropdown is clicked. 
2024-04-01 18:43:39,784 INFO  [Log] ****************           -S-T-A-R-T-MY profile settings tectcase started       **************** 
2024-04-01 18:43:41,413 INFO  [Log] MyProfile is clicked. 
2024-04-01 18:43:41,537 INFO  [Log] Edit Button next to contact is clicked. 
2024-04-01 18:43:41,709 INFO  [Log] Successfully switched to frame. 
2024-04-01 18:43:42,061 INFO  [Log] About tab is clicked. 
2024-04-01 18:43:42,195 INFO  [Log] Lastname is entered successfully. 
2024-04-01 18:43:42,740 INFO  [Log] Save All button is clicked. 
2024-04-01 18:43:43,127 INFO  [Log] Successfully switched to default frame. 
2024-04-01 18:49:10,009 INFO  [Log] ****************           -S-T-A-R-T-Login TestCase       **************** 
2024-04-01 18:49:10,233 INFO  [Log] Successfully entered the username 
2024-04-01 18:49:10,455 INFO  [Log] Successfully entered the password 
2024-04-01 18:49:12,058 INFO  [Log] Login successful. 
2024-04-01 18:49:13,306 INFO  [Log] Usermenu dropdown is clicked. 
2024-04-01 18:49:13,306 INFO  [Log] ****************           -S-T-A-R-T-MY profile settings tectcase started       **************** 
2024-04-01 18:49:14,881 INFO  [Log] MyProfile is clicked. 
2024-04-01 18:49:14,999 INFO  [Log] Edit Button next to contact is clicked. 
2024-04-01 18:49:15,202 INFO  [Log] Successfully switched to frame. 
2024-04-01 18:49:15,471 INFO  [Log] About tab is clicked. 
2024-04-01 18:49:15,623 INFO  [Log] Lastname is entered successfully. 
2024-04-01 18:49:16,125 INFO  [Log] Save All button is clicked. 
2024-04-01 18:49:16,503 INFO  [Log] Successfully switched to default frame. 
2024-04-01 18:53:10,439 INFO  [Log] ****************           -S-T-A-R-T-Login TestCase       **************** 
2024-04-01 18:53:10,523 INFO  [Log] Successfully entered the username 
2024-04-01 18:53:10,599 INFO  [Log] Successfully entered the password 
2024-04-01 18:53:11,906 INFO  [Log] Login successful. 
2024-04-01 18:53:13,192 INFO  [Log] Usermenu dropdown is clicked. 
2024-04-01 18:53:13,192 INFO  [Log] ****************           -S-T-A-R-T-MY profile settings tectcase started       **************** 
2024-04-01 18:53:14,711 INFO  [Log] MyProfile is clicked. 
2024-04-01 18:53:14,820 INFO  [Log] Edit Button next to contact is clicked. 
2024-04-01 18:53:14,983 INFO  [Log] Successfully switched to frame. 
2024-04-01 18:53:15,098 INFO  [Log] About tab is clicked. 
2024-04-01 18:53:15,463 INFO  [Log] Lastname is entered successfully. 
2024-04-01 18:53:15,930 INFO  [Log] Save All button is clicked. 
2024-04-01 18:53:16,302 INFO  [Log] Successfully switched to default frame. 
2024-04-01 18:58:10,178 INFO  [Log] ****************           -S-T-A-R-T-Login TestCase       **************** 
2024-04-01 18:58:10,349 INFO  [Log] Successfully entered the username 
2024-04-01 18:58:10,663 INFO  [Log] Successfully entered the password 
2024-04-01 18:58:12,056 INFO  [Log] Login successful. 
2024-04-01 18:58:13,289 INFO  [Log] Usermenu dropdown is clicked. 
2024-04-01 18:58:13,289 INFO  [Log] ****************           -S-T-A-R-T-MY profile settings tectcase started       **************** 
2024-04-01 18:58:14,881 INFO  [Log] MyProfile is clicked. 
2024-04-01 18:58:14,986 INFO  [Log] Edit Button next to contact is clicked. 
2024-04-01 18:58:15,163 INFO  [Log] Successfully switched to frame. 
2024-04-01 18:58:15,522 INFO  [Log] About tab is clicked. 
2024-04-01 18:58:15,655 INFO  [Log] Lastname is entered successfully. 
2024-04-01 18:58:16,252 INFO  [Log] Save All button is clicked. 
2024-04-01 18:58:16,575 INFO  [Log] Successfully switched to default frame. 
2024-04-01 19:00:06,975 INFO  [Log] ****************           -S-T-A-R-T-Login TestCase       **************** 
2024-04-01 19:00:07,111 INFO  [Log] Successfully entered the username 
2024-04-01 19:00:07,303 INFO  [Log] Successfully entered the password 
2024-04-01 19:00:08,718 INFO  [Log] Login successful. 
2024-04-01 19:00:10,003 INFO  [Log] Usermenu dropdown is clicked. 
2024-04-01 19:00:10,003 INFO  [Log] ****************           -S-T-A-R-T-MY profile settings tectcase started       **************** 
2024-04-01 19:00:11,615 INFO  [Log] MyProfile is clicked. 
2024-04-01 19:00:11,734 INFO  [Log] Edit Button next to contact is clicked. 
2024-04-01 19:00:11,903 INFO  [Log] Successfully switched to frame. 
2024-04-01 19:00:12,219 INFO  [Log] About tab is clicked. 
2024-04-01 19:00:12,321 INFO  [Log] Lastname is entered successfully. 
2024-04-01 19:00:12,836 INFO  [Log] Save All button is clicked. 
2024-04-01 19:00:13,372 INFO  [Log] Successfully switched to default frame. 
2024-04-01 19:03:02,207 INFO  [Log] ****************           -S-T-A-R-T-Login TestCase       **************** 
2024-04-01 19:03:02,463 INFO  [Log] Successfully entered the username 
2024-04-01 19:03:02,605 INFO  [Log] Successfully entered the password 
2024-04-01 19:03:04,029 INFO  [Log] Login successful. 
2024-04-01 19:03:05,512 INFO  [Log] Usermenu dropdown is clicked. 
2024-04-01 19:03:05,512 INFO  [Log] ****************           -S-T-A-R-T-MY profile settings tectcase started       **************** 
2024-04-01 19:03:07,217 INFO  [Log] MyProfile is clicked. 
2024-04-01 19:03:07,336 INFO  [Log] Edit Button next to contact is clicked. 
2024-04-01 19:03:07,487 INFO  [Log] Successfully switched to frame. 
2024-04-01 19:03:07,755 INFO  [Log] About tab is clicked. 
2024-04-01 19:03:07,942 INFO  [Log] Lastname is entered successfully. 
2024-04-01 19:03:08,486 INFO  [Log] Save All button is clicked. 
2024-04-01 19:03:08,946 INFO  [Log] Successfully switched to default frame. 
2024-04-01 19:06:29,095 INFO  [Log] ****************           -S-T-A-R-T-Login TestCase       **************** 
2024-04-01 19:06:29,187 INFO  [Log] Successfully entered the username 
2024-04-01 19:06:29,395 INFO  [Log] Successfully entered the password 
2024-04-01 19:06:30,732 INFO  [Log] Login successful. 
2024-04-01 19:06:31,977 INFO  [Log] Usermenu dropdown is clicked. 
2024-04-01 19:06:31,977 INFO  [Log] ****************           -S-T-A-R-T-MY profile settings tectcase started       **************** 
2024-04-01 19:06:33,488 INFO  [Log] MyProfile is clicked. 
2024-04-01 19:06:33,593 INFO  [Log] Edit Button next to contact is clicked. 
2024-04-01 19:06:33,763 INFO  [Log] Successfully switched to frame. 
2024-04-01 19:06:34,042 INFO  [Log] About tab is clicked. 
2024-04-01 19:06:34,200 INFO  [Log] Lastname is entered successfully. 
2024-04-01 19:06:34,815 INFO  [Log] Save All button is clicked. 
2024-04-01 19:06:35,282 INFO  [Log] Successfully switched to default frame. 
2024-04-01 19:10:08,513 INFO  [Log] ****************           -S-T-A-R-T-Login TestCase       **************** 
2024-04-01 19:10:08,603 INFO  [Log] Successfully entered the username 
2024-04-01 19:10:08,809 INFO  [Log] Successfully entered the password 
2024-04-01 19:10:10,454 INFO  [Log] Login successful. 
2024-04-01 19:10:11,724 INFO  [Log] Usermenu dropdown is clicked. 
2024-04-01 19:10:11,724 INFO  [Log] ****************           -S-T-A-R-T-MY profile settings tectcase started       **************** 
2024-04-01 19:10:13,704 INFO  [Log] MyProfile is clicked. 
2024-04-01 19:10:13,803 INFO  [Log] Edit Button next to contact is clicked. 
2024-04-01 19:10:13,951 INFO  [Log] Successfully switched to frame. 
2024-04-01 19:10:14,045 INFO  [Log] About tab is clicked. 
2024-04-01 19:10:14,350 INFO  [Log] Lastname is entered successfully. 
2024-04-01 19:10:14,919 INFO  [Log] Save All button is clicked. 
2024-04-01 19:10:15,301 INFO  [Log] Successfully switched to default frame. 
2024-04-01 19:10:16,055 INFO  [Log] Posted Successfully 
2024-04-01 19:10:16,476 INFO  [Log] File is shared successfully. 
2024-04-01 19:11:03,723 INFO  [Log] ****************           -S-T-A-R-T-Login TestCase       **************** 
2024-04-01 19:11:03,852 INFO  [Log] Successfully entered the username 
2024-04-01 19:11:03,934 INFO  [Log] Successfully entered the password 
2024-04-01 19:11:07,143 INFO  [Log] Login successful. 
2024-04-01 19:11:07,201 INFO  [Log] Usermenu dropdown is clicked. 
2024-04-01 19:11:07,201 INFO  [Log] ****************           -S-T-A-R-T-MY profile settings tectcase started       **************** 
2024-04-01 19:11:08,695 INFO  [Log] MyProfile is clicked. 
2024-04-01 19:11:08,786 INFO  [Log] Edit Button next to contact is clicked. 
2024-04-01 19:11:08,947 INFO  [Log] Successfully switched to frame. 
2024-04-01 19:11:09,269 INFO  [Log] About tab is clicked. 
2024-04-01 19:11:09,496 INFO  [Log] Lastname is entered successfully. 
2024-04-01 19:11:10,037 INFO  [Log] Save All button is clicked. 
2024-04-01 19:11:10,420 INFO  [Log] Successfully switched to default frame. 
2024-04-01 19:11:11,204 INFO  [Log] Posted Successfully 
2024-04-01 19:11:11,527 INFO  [Log] File is shared successfully. 
2024-04-01 19:15:32,964 INFO  [Log] ****************           -S-T-A-R-T-Login TestCase       **************** 
2024-04-01 19:15:33,066 INFO  [Log] Successfully entered the username 
2024-04-01 19:15:33,150 INFO  [Log] Successfully entered the password 
2024-04-01 19:15:34,963 INFO  [Log] Login successful. 
2024-04-01 19:15:36,638 INFO  [Log] Usermenu dropdown is clicked. 
2024-04-01 19:15:36,639 INFO  [Log] ****************           -S-T-A-R-T-MY profile settings tectcase started       **************** 
2024-04-01 19:15:38,944 INFO  [Log] MyProfile is clicked. 
2024-04-01 19:15:39,065 INFO  [Log] Edit Button next to contact is clicked. 
2024-04-01 19:15:39,367 INFO  [Log] Successfully switched to frame. 
2024-04-01 19:15:39,533 INFO  [Log] About tab is clicked. 
2024-04-01 19:15:39,819 INFO  [Log] Lastname is entered successfully. 
2024-04-01 19:15:40,415 INFO  [Log] Save All button is clicked. 
2024-04-01 19:15:40,780 INFO  [Log] Successfully switched to default frame. 
2024-04-01 19:15:41,569 INFO  [Log] Posted Successfully 
2024-04-01 19:17:02,641 INFO  [Log] ****************           -S-T-A-R-T-Login TestCase       **************** 
2024-04-01 19:17:02,736 INFO  [Log] Successfully entered the username 
2024-04-01 19:17:02,935 INFO  [Log] Successfully entered the password 
2024-04-01 19:17:04,345 INFO  [Log] Login successful. 
2024-04-01 19:17:05,448 INFO  [Log] Usermenu dropdown is clicked. 
2024-04-01 19:17:05,448 INFO  [Log] ****************           -S-T-A-R-T-MY profile settings tectcase started       **************** 
2024-04-01 19:17:06,980 INFO  [Log] MyProfile is clicked. 
2024-04-01 19:17:07,087 INFO  [Log] Edit Button next to contact is clicked. 
2024-04-01 19:17:07,283 INFO  [Log] Successfully switched to frame. 
2024-04-01 19:17:07,644 INFO  [Log] About tab is clicked. 
2024-04-01 19:17:07,770 INFO  [Log] Lastname is entered successfully. 
2024-04-01 19:17:08,281 INFO  [Log] Save All button is clicked. 
2024-04-01 19:17:08,656 INFO  [Log] Successfully switched to default frame. 
2024-04-01 19:17:09,389 INFO  [Log] Posted Successfully 
2024-04-01 19:18:38,844 INFO  [Log] ****************           -S-T-A-R-T-Login TestCase       **************** 
2024-04-01 19:18:38,950 INFO  [Log] Successfully entered the username 
2024-04-01 19:18:39,138 INFO  [Log] Successfully entered the password 
2024-04-01 19:18:40,319 INFO  [Log] Login successful. 
2024-04-01 19:18:41,346 INFO  [Log] Usermenu dropdown is clicked. 
2024-04-01 19:18:41,347 INFO  [Log] ****************           -S-T-A-R-T-MY profile settings tectcase started       **************** 
2024-04-01 19:18:42,863 INFO  [Log] MyProfile is clicked. 
2024-04-01 19:18:42,953 INFO  [Log] Edit Button next to contact is clicked. 
2024-04-01 19:18:43,105 INFO  [Log] Successfully switched to frame. 
2024-04-01 19:18:43,196 INFO  [Log] About tab is clicked. 
2024-04-01 19:18:43,506 INFO  [Log] Lastname is entered successfully. 
2024-04-01 19:18:44,007 INFO  [Log] Save All button is clicked. 
2024-04-01 19:18:44,329 INFO  [Log] Successfully switched to default frame. 
2024-04-01 19:18:45,100 INFO  [Log] Posted Successfully 
2024-04-01 19:21:23,855 INFO  [Log] ****************           -S-T-A-R-T-Login TestCase       **************** 
2024-04-01 19:21:23,969 INFO  [Log] Successfully entered the username 
2024-04-01 19:21:24,185 INFO  [Log] Successfully entered the password 
2024-04-01 19:21:25,637 INFO  [Log] Login successful. 
2024-04-01 19:21:26,822 INFO  [Log] Usermenu dropdown is clicked. 
2024-04-01 19:21:26,823 INFO  [Log] ****************           -S-T-A-R-T-MY profile settings tectcase started       **************** 
2024-04-01 19:21:28,266 INFO  [Log] MyProfile is clicked. 
2024-04-01 19:21:28,359 INFO  [Log] Edit Button next to contact is clicked. 
2024-04-01 19:21:28,523 INFO  [Log] Successfully switched to frame. 
2024-04-01 19:21:28,820 INFO  [Log] About tab is clicked. 
2024-04-01 19:21:28,948 INFO  [Log] Lastname is entered successfully. 
2024-04-01 19:21:29,488 INFO  [Log] Save All button is clicked. 
2024-04-01 19:21:29,865 INFO  [Log] Successfully switched to default frame. 
2024-04-01 19:21:30,568 INFO  [Log] Posted Successfully 
2024-04-01 19:25:00,475 INFO  [Log] ****************           -S-T-A-R-T-Login TestCase       **************** 
2024-04-01 19:25:00,647 INFO  [Log] Successfully entered the username 
2024-04-01 19:25:00,918 INFO  [Log] ****************           -S-T-A-R-T-Login TestCase       **************** 
2024-04-01 19:25:00,921 INFO  [Log] Successfully entered the password 
2024-04-01 19:25:01,268 INFO  [Log] Successfully entered the username 
2024-04-01 19:25:01,429 INFO  [Log] Successfully entered the password 
2024-04-01 19:25:02,384 INFO  [Log] Login successful. 
2024-04-01 19:25:02,814 INFO  [Log] Login successful. 
2024-04-01 19:25:03,674 INFO  [Log] Usermenu dropdown is clicked. 
2024-04-01 19:25:03,675 INFO  [Log] ****************           -S-T-A-R-T-MY profile settings tectcase started       **************** 
2024-04-01 19:25:04,032 INFO  [Log] Usermenu dropdown is clicked. 
2024-04-01 19:25:04,033 INFO  [Log] ****************           -S-T-A-R-T-MY profile settings tectcase started       **************** 
2024-04-01 19:25:05,163 INFO  [Log] MyProfile is clicked. 
2024-04-01 19:25:05,274 INFO  [Log] Edit Button next to contact is clicked. 
2024-04-01 19:25:05,339 INFO  [Log] MyProfile is clicked. 
2024-04-01 19:25:05,447 INFO  [Log] Edit Button next to contact is clicked. 
2024-04-01 19:25:05,453 INFO  [Log] Successfully switched to frame. 
2024-04-01 19:25:05,615 INFO  [Log] Successfully switched to frame. 
2024-04-01 19:25:05,681 INFO  [Log] About tab is clicked. 
2024-04-01 19:25:05,771 INFO  [Log] About tab is clicked. 
2024-04-01 19:25:06,003 INFO  [Log] Lastname is entered successfully. 
2024-04-01 19:25:06,134 INFO  [Log] Lastname is entered successfully. 
2024-04-01 19:25:06,506 INFO  [Log] Save All button is clicked. 
2024-04-01 19:25:06,627 INFO  [Log] Save All button is clicked. 
2024-04-01 19:25:06,902 INFO  [Log] Successfully switched to default frame. 
2024-04-01 19:25:06,957 INFO  [Log] Successfully switched to default frame. 
2024-04-01 19:25:07,574 INFO  [Log] Posted Successfully 
2024-04-01 19:25:07,877 INFO  [Log] Posted Successfully 
2024-04-01 19:25:08,031 INFO  [Log] File is shared successfully. 
2024-04-01 19:26:03,609 INFO  [Log] ****************           -S-T-A-R-T-Login TestCase       **************** 
2024-04-01 19:26:03,688 INFO  [Log] Successfully entered the username 
2024-04-01 19:26:03,758 INFO  [Log] Successfully entered the password 
2024-04-01 19:26:05,077 INFO  [Log] Login successful. 
2024-04-01 19:26:06,319 INFO  [Log] Usermenu dropdown is clicked. 
2024-04-01 19:26:06,319 INFO  [Log] ****************           -S-T-A-R-T-MY profile settings tectcase started       **************** 
2024-04-01 19:26:07,758 INFO  [Log] MyProfile is clicked. 
2024-04-01 19:26:07,861 INFO  [Log] Edit Button next to contact is clicked. 
2024-04-01 19:26:08,009 INFO  [Log] Successfully switched to frame. 
2024-04-01 19:26:08,298 INFO  [Log] About tab is clicked. 
2024-04-01 19:26:08,624 INFO  [Log] Lastname is entered successfully. 
2024-04-01 19:26:09,516 INFO  [Log] Save All button is clicked. 
2024-04-01 19:26:09,930 INFO  [Log] Successfully switched to default frame. 
2024-04-01 19:26:10,691 INFO  [Log] Posted Successfully 
2024-04-01 19:26:11,229 INFO  [Log] File is shared successfully. 
2024-04-02 19:20:46,692 INFO  [Log] ****************           -S-T-A-R-T-Login TestCase       **************** 
2024-04-02 19:20:47,066 INFO  [Log] Successfully entered the username 
2024-04-02 19:20:47,284 INFO  [Log] Successfully entered the password 
2024-04-02 19:20:48,974 INFO  [Log] Login successful. 
2024-04-02 19:20:50,682 INFO  [Log] Usermenu dropdown is clicked. 
2024-04-02 19:26:45,258 INFO  [Log] ****************           -S-T-A-R-T-Login TestCase       **************** 
2024-04-02 19:26:45,894 INFO  [Log] Successfully entered the username 
2024-04-02 19:26:46,233 INFO  [Log] Successfully entered the password 
2024-04-02 19:26:47,858 INFO  [Log] Login successful. 
2024-04-02 19:26:49,636 INFO  [Log] Usermenu dropdown is clicked. 
2024-04-02 19:28:40,622 INFO  [Log] ****************           -S-T-A-R-T-Login TestCase       **************** 
2024-04-02 19:28:41,073 INFO  [Log] Successfully entered the username 
2024-04-02 19:28:41,326 INFO  [Log] Successfully entered the password 
2024-04-02 19:28:43,045 INFO  [Log] Login successful. 
2024-04-02 19:28:44,516 INFO  [Log] Usermenu dropdown is clicked. 
2024-04-02 19:32:02,343 INFO  [Log] ****************           -S-T-A-R-T-Login TestCase       **************** 
2024-04-02 19:32:02,534 INFO  [Log] Successfully entered the username 
2024-04-02 19:32:02,801 INFO  [Log] Successfully entered the password 
2024-04-02 19:32:04,385 INFO  [Log] Login successful. 
2024-04-02 19:32:05,945 INFO  [Log] Usermenu dropdown is clicked. 
2024-04-02 19:33:48,992 INFO  [Log] ****************           -S-T-A-R-T-Login TestCase       **************** 
2024-04-02 19:33:49,194 INFO  [Log] Successfully entered the username 
2024-04-02 19:33:49,479 INFO  [Log] Successfully entered the password 
2024-04-02 19:33:50,961 INFO  [Log] Login successful. 
2024-04-02 19:33:52,245 INFO  [Log] Usermenu dropdown is clicked. 
2024-04-02 19:35:12,268 INFO  [Log] ****************           -S-T-A-R-T-Login TestCase       **************** 
2024-04-02 19:35:12,665 INFO  [Log] Successfully entered the username 
2024-04-02 19:35:12,870 INFO  [Log] Successfully entered the password 
2024-04-02 19:35:15,626 INFO  [Log] Login successful. 
2024-04-02 19:35:17,114 INFO  [Log] Usermenu dropdown is clicked. 
2024-04-02 19:37:45,632 INFO  [Log] ****************           -S-T-A-R-T-Login TestCase       **************** 
2024-04-02 19:37:45,939 INFO  [Log] Successfully entered the username 
2024-04-02 19:37:46,133 INFO  [Log] Successfully entered the password 
2024-04-02 19:37:47,664 INFO  [Log] Login successful. 
2024-04-02 19:37:48,813 INFO  [Log] Usermenu dropdown is clicked. 
2024-04-02 19:39:52,229 INFO  [Log] ****************           -S-T-A-R-T-Login TestCase       **************** 
2024-04-02 19:39:52,391 INFO  [Log] Successfully entered the username 
2024-04-02 19:39:52,779 INFO  [Log] Successfully entered the password 
2024-04-02 19:39:54,340 INFO  [Log] Login successful. 
2024-04-02 19:39:56,201 INFO  [Log] Usermenu dropdown is clicked. 
2024-04-02 19:49:55,783 INFO  [Log] ****************           -S-T-A-R-T-Login TestCase       **************** 
2024-04-02 19:49:56,139 INFO  [Log] Successfully entered the username 
2024-04-02 19:49:56,298 INFO  [Log] Successfully entered the password 
2024-04-02 19:49:58,080 INFO  [Log] Login successful. 
2024-04-02 19:49:59,477 INFO  [Log] Usermenu dropdown is clicked. 
2024-04-02 19:54:03,849 INFO  [Log] ****************           -S-T-A-R-T-Login TestCase       **************** 
2024-04-02 19:54:04,205 INFO  [Log] Successfully entered the username 
2024-04-02 19:54:04,374 INFO  [Log] Successfully entered the password 
2024-04-02 19:54:05,995 INFO  [Log] Login successful. 
2024-04-02 19:54:07,430 INFO  [Log] Usermenu dropdown is clicked. 
2024-04-02 19:54:10,793 INFO  [Log] salesforce chatter is selected 
2024-04-02 20:00:15,429 INFO  [Log] ****************           -S-T-A-R-T-Login TestCase       **************** 
2024-04-02 20:00:15,542 INFO  [Log] Successfully entered the username 
2024-04-02 20:00:15,652 INFO  [Log] Successfully entered the password 
2024-04-02 20:00:17,634 INFO  [Log] Login successful. 
2024-04-02 20:00:19,429 INFO  [Log] Usermenu dropdown is clicked. 
2024-04-02 20:00:22,954 INFO  [Log] salesforce chatter is selected 
2024-04-02 20:00:49,793 INFO  [Log] ****************           -S-T-A-R-T-Login TestCase       **************** 
2024-04-02 20:00:49,964 INFO  [Log] Successfully entered the username 
2024-04-02 20:00:50,111 INFO  [Log] Successfully entered the password 
2024-04-02 20:00:51,993 INFO  [Log] Login successful. 
2024-04-02 20:00:53,280 INFO  [Log] Usermenu dropdown is clicked. 
2024-04-02 20:00:56,628 INFO  [Log] salesforce chatter is selected 
2024-04-02 21:44:56,187 INFO  [Log] ****************           -S-T-A-R-T-Login TestCase       **************** 
2024-04-02 21:44:56,486 INFO  [Log] Successfully entered the username 
2024-04-02 21:44:56,668 INFO  [Log] Successfully entered the password 
2024-04-02 21:44:58,200 INFO  [Log] Login successful. 
2024-04-02 21:44:59,952 INFO  [Log] Usermenu dropdown is clicked. 
2024-04-02 21:47:07,335 INFO  [Log] ****************           -S-T-A-R-T-Login TestCase       **************** 
2024-04-02 21:47:07,556 INFO  [Log] Successfully entered the username 
2024-04-02 21:47:07,825 INFO  [Log] Successfully entered the password 
2024-04-02 21:47:09,333 INFO  [Log] Login successful. 
2024-04-02 21:47:10,931 INFO  [Log] Usermenu dropdown is clicked. 
2024-04-02 21:47:10,994 INFO  [Log] Usermenu dropdown is clicked. 
2024-04-02 21:50:32,121 INFO  [Log] ****************           -S-T-A-R-T-Login TestCase       **************** 
2024-04-02 21:50:32,523 INFO  [Log] Successfully entered the username 
2024-04-02 21:50:32,685 INFO  [Log] Successfully entered the password 
2024-04-02 21:50:34,359 INFO  [Log] Login successful. 
2024-04-02 21:50:35,969 INFO  [Log] Usermenu dropdown is clicked. 
2024-04-02 21:50:37,778 INFO  [Log] Alert is Accepted 
2024-04-02 22:01:36,197 INFO  [Log] ****************           -S-T-A-R-T-Login TestCase       **************** 
2024-04-02 22:01:36,479 INFO  [Log] Successfully entered the username 
2024-04-02 22:01:36,592 INFO  [Log] Successfully entered the password 
2024-04-02 22:01:38,236 INFO  [Log] Login successful. 
2024-04-02 22:01:39,677 INFO  [Log] Usermenu dropdown is clicked. 
2024-04-02 22:01:40,752 INFO  [Log] Test reminder button is clicked. 
2024-04-02 22:04:41,169 INFO  [Log] ****************           -S-T-A-R-T-Login TestCase       **************** 
2024-04-02 22:04:41,361 INFO  [Log] Successfully entered the username 
2024-04-02 22:04:41,654 INFO  [Log] Successfully entered the password 
2024-04-02 22:04:43,204 INFO  [Log] Login successful. 
2024-04-02 22:04:44,888 INFO  [Log] Usermenu dropdown is clicked. 
2024-04-02 22:04:46,013 INFO  [Log] Test reminder button is clicked. 
2024-04-02 22:08:58,318 INFO  [Log] ****************           -S-T-A-R-T-Login TestCase       **************** 
2024-04-02 22:08:58,472 INFO  [Log] Successfully entered the username 
2024-04-02 22:08:58,734 INFO  [Log] Successfully entered the password 
2024-04-02 22:09:00,493 INFO  [Log] Login successful. 
2024-04-02 22:09:02,407 INFO  [Log] Usermenu dropdown is clicked. 
2024-04-02 22:09:03,504 INFO  [Log] Test reminder button is clicked. 
2024-04-02 22:10:01,002 INFO  [Log] ****************           -S-T-A-R-T-Login TestCase       **************** 
2024-04-02 22:10:01,391 INFO  [Log] Successfully entered the username 
2024-04-02 22:10:01,572 INFO  [Log] Successfully entered the password 
2024-04-02 22:10:03,194 INFO  [Log] Login successful. 
2024-04-02 22:10:05,010 INFO  [Log] Usermenu dropdown is clicked. 
2024-04-02 22:10:06,153 INFO  [Log] Test reminder button is clicked. 
2024-04-02 22:10:54,550 INFO  [Log] ****************           -S-T-A-R-T-Login TestCase       **************** 
2024-04-02 22:10:54,722 INFO  [Log] Successfully entered the username 
2024-04-02 22:10:54,936 INFO  [Log] Successfully entered the password 
2024-04-02 22:10:56,598 INFO  [Log] Login successful. 
2024-04-02 22:10:58,750 INFO  [Log] Usermenu dropdown is clicked. 
2024-04-02 22:10:59,883 INFO  [Log] Test reminder button is clicked. 
2024-04-02 22:13:56,578 INFO  [Log] ****************           -S-T-A-R-T-Login TestCase       **************** 
2024-04-02 22:13:57,107 INFO  [Log] Successfully entered the username 
2024-04-02 22:13:57,308 INFO  [Log] Successfully entered the password 
2024-04-02 22:13:58,889 INFO  [Log] Login successful. 
2024-04-02 22:14:00,260 INFO  [Log] Usermenu dropdown is clicked. 
2024-04-02 22:14:01,440 INFO  [Log] Test reminder button is clicked. 
2024-04-02 22:15:13,332 INFO  [Log] ****************           -S-T-A-R-T-Login TestCase       **************** 
2024-04-02 22:15:14,038 INFO  [Log] Successfully entered the username 
2024-04-02 22:15:14,450 INFO  [Log] Successfully entered the password 
2024-04-02 22:15:16,136 INFO  [Log] Login successful. 
2024-04-02 22:15:17,636 INFO  [Log] Usermenu dropdown is clicked. 
2024-04-02 22:15:22,746 INFO  [Log] Test reminder button is clicked. 
2024-04-02 22:20:37,881 INFO  [Log] ****************           -S-T-A-R-T-Login TestCase       **************** 
2024-04-02 22:20:38,253 INFO  [Log] Successfully entered the username 
2024-04-02 22:20:38,410 INFO  [Log] Successfully entered the password 
2024-04-02 22:20:40,225 INFO  [Log] Login successful. 
2024-04-02 22:20:42,026 INFO  [Log] Usermenu dropdown is clicked. 
2024-04-02 22:20:42,480 INFO  [Log] Logged out successfully 
2024-04-02 22:26:36,611 INFO  [Log] ****************           -S-T-A-R-T-Login TestCase       **************** 
2024-04-02 22:26:36,800 INFO  [Log] Successfully entered the username 
2024-04-02 22:26:37,113 INFO  [Log] Successfully entered the password 
2024-04-02 22:26:39,785 INFO  [Log] Login successful. 
2024-04-02 22:26:41,452 INFO  [Log] Usermenu dropdown is clicked. 
2024-04-02 22:26:46,466 INFO  [Log] Logged out successfully 
2024-04-02 22:30:32,356 INFO  [Log] ****************           -S-T-A-R-T-Login TestCase       **************** 
2024-04-02 22:30:32,718 INFO  [Log] Successfully entered the username 
2024-04-02 22:30:32,875 INFO  [Log] Successfully entered the password 
2024-04-02 22:30:34,491 INFO  [Log] Login successful. 
2024-04-02 22:30:35,999 INFO  [Log] Usermenu dropdown is clicked. 
2024-04-02 22:30:42,074 INFO  [Log] Test reminder button is clicked. 
2024-04-02 22:31:29,089 INFO  [Log] ****************           -S-T-A-R-T-Login TestCase       **************** 
2024-04-02 22:31:29,440 INFO  [Log] Successfully entered the username 
2024-04-02 22:31:29,591 INFO  [Log] Successfully entered the password 
2024-04-02 22:31:31,717 INFO  [Log] Login successful. 
2024-04-02 22:31:33,106 INFO  [Log] Usermenu dropdown is clicked. 
2024-04-02 22:31:42,196 INFO  [Log] Test reminder button is clicked. 
2024-04-02 22:32:26,300 INFO  [Log] ****************           -S-T-A-R-T-Login TestCase       **************** 
2024-04-02 22:32:26,673 INFO  [Log] Successfully entered the username 
2024-04-02 22:32:26,836 INFO  [Log] Successfully entered the password 
2024-04-02 22:32:28,360 INFO  [Log] Login successful. 
2024-04-02 22:32:29,775 INFO  [Log] Usermenu dropdown is clicked. 
2024-04-02 22:32:38,805 INFO  [Log] Test reminder button is clicked. 
2024-04-02 22:32:59,117 INFO  [Log] ****************           -S-T-A-R-T-Login TestCase       **************** 
2024-04-02 22:32:59,283 INFO  [Log] Successfully entered the username 
2024-04-02 22:32:59,498 INFO  [Log] Successfully entered the password 
2024-04-02 22:33:01,087 INFO  [Log] Login successful. 
2024-04-02 22:33:02,450 INFO  [Log] Usermenu dropdown is clicked. 
2024-04-02 22:33:11,661 INFO  [Log] Test reminder button is clicked. 
2024-04-02 22:34:15,671 INFO  [Log] ****************           -S-T-A-R-T-Login TestCase       **************** 
2024-04-02 22:34:15,848 INFO  [Log] Successfully entered the username 
2024-04-02 22:34:16,073 INFO  [Log] Successfully entered the password 
2024-04-02 22:34:17,662 INFO  [Log] Login successful. 
2024-04-02 22:34:19,361 INFO  [Log] Usermenu dropdown is clicked. 
2024-04-02 22:34:28,422 INFO  [Log] Test reminder button is clicked. 
2024-04-02 22:35:43,112 INFO  [Log] ****************           -S-T-A-R-T-Login TestCase       **************** 
2024-04-02 22:35:43,517 INFO  [Log] Successfully entered the username 
2024-04-02 22:35:43,666 INFO  [Log] Successfully entered the password 
2024-04-02 22:35:45,046 INFO  [Log] Login successful. 
2024-04-02 22:35:46,337 INFO  [Log] Usermenu dropdown is clicked. 
2024-04-02 22:35:55,470 INFO  [Log] Test reminder button is clicked. 
2024-04-02 22:36:46,348 INFO  [Log] ****************           -S-T-A-R-T-Login TestCase       **************** 
2024-04-02 22:36:46,707 INFO  [Log] Successfully entered the username 
2024-04-02 22:36:46,852 INFO  [Log] Successfully entered the password 
2024-04-02 22:36:48,304 INFO  [Log] Login successful. 
2024-04-02 22:36:50,515 INFO  [Log] Usermenu dropdown is clicked. 
2024-04-02 22:36:51,705 INFO  [Log] Test reminder button is clicked. 
2024-04-02 22:37:39,358 INFO  [Log] ****************           -S-T-A-R-T-Login TestCase       **************** 
2024-04-02 22:37:39,672 INFO  [Log] Successfully entered the username 
2024-04-02 22:37:39,829 INFO  [Log] Successfully entered the password 
2024-04-02 22:37:41,505 INFO  [Log] Login successful. 
2024-04-02 22:37:42,769 INFO  [Log] Usermenu dropdown is clicked. 
2024-04-02 22:37:43,897 INFO  [Log] Test reminder button is clicked. 
2024-04-02 22:38:42,189 INFO  [Log] ****************           -S-T-A-R-T-Login TestCase       **************** 
2024-04-02 22:38:42,541 INFO  [Log] Successfully entered the username 
2024-04-02 22:38:42,731 INFO  [Log] Successfully entered the password 
2024-04-02 22:38:44,319 INFO  [Log] Login successful. 
2024-04-02 22:38:45,815 INFO  [Log] Usermenu dropdown is clicked. 
2024-04-02 22:38:46,905 INFO  [Log] Test reminder button is clicked. 
2024-04-03 07:29:41,817 INFO  [Log] ****************           -S-T-A-R-T-Login TestCase       **************** 
2024-04-03 07:29:49,205 INFO  [Log] ***************             -E---N---D-New Account is created.         *************** 
2024-04-03 07:30:05,883 INFO  [Log] ****************           -S-T-A-R-T-Login TestCase       **************** 
2024-04-03 07:30:13,022 INFO  [Log] ***************             -E---N---D-New Account is created.         *************** 
2024-04-03 07:40:44,645 INFO  [Log] ****************           -S-T-A-R-T-Login TestCase       **************** 
2024-04-03 07:45:18,433 INFO  [Log] ****************           -S-T-A-R-T-Login TestCase       **************** 
2024-04-03 07:45:24,686 INFO  [Log] ***************             -E---N---D-New Account is created.         *************** 
2024-04-03 07:46:53,801 INFO  [Log] ****************           -S-T-A-R-T-Login TestCase       **************** 
2024-04-03 07:46:58,677 INFO  [Log] Accounts are merged. 
2024-04-03 07:57:53,278 INFO  [Log] ****************           -S-T-A-R-T-Login TestCase       **************** 
2024-04-03 07:57:53,369 INFO  [Log] Successfully entered the username 
2024-04-03 07:57:53,459 INFO  [Log] Successfully entered the password 
2024-04-03 07:57:55,060 INFO  [Log] Login successful. 
2024-04-03 07:57:56,933 INFO  [Log] Account tab is clicked. 
2024-04-03 07:57:57,021 INFO  [Log] View name is selected. 
2024-04-03 07:57:57,367 INFO  [Log] Edit link is clicked. 
2024-04-03 07:57:57,669 INFO  [Log] New view name is entered. 
2024-04-03 07:57:57,827 INFO  [Log] value in field is selected. 
2024-04-03 07:57:57,958 INFO  [Log] Operator is selected. 
2024-04-03 07:57:58,097 INFO  [Log] Value is entered. 
2024-04-03 08:00:09,976 INFO  [Log] ****************           -S-T-A-R-T-Login TestCase       **************** 
2024-04-03 08:00:10,092 INFO  [Log] Successfully entered the username 
2024-04-03 08:00:10,170 INFO  [Log] Successfully entered the password 
2024-04-03 08:00:13,717 INFO  [Log] Login successful. 
2024-04-03 08:00:14,543 INFO  [Log] Account tab is clicked. 
2024-04-03 08:00:14,661 INFO  [Log] View name is selected. 
2024-04-03 08:00:15,080 INFO  [Log] Edit link is clicked. 
2024-04-03 08:00:15,297 INFO  [Log] New view name is entered. 
2024-04-03 08:00:15,387 INFO  [Log] value in field is selected. 
2024-04-03 08:00:15,562 INFO  [Log] Operator is selected. 
2024-04-03 08:00:15,694 INFO  [Log] Value is entered. 
2024-04-03 08:00:15,891 INFO  [Log] Last activity is selected 
2024-04-03 08:00:15,935 INFO  [Log] Last activity is added 
2024-04-03 08:00:16,736 INFO  [Log] Edit view page is saved. 
2024-04-03 08:03:27,651 INFO  [Log] ****************           -S-T-A-R-T-Login TestCase       **************** 
2024-04-03 08:03:27,740 INFO  [Log] Successfully entered the username 
2024-04-03 08:03:27,825 INFO  [Log] Successfully entered the password 
2024-04-03 08:03:29,257 INFO  [Log] Login successful. 
2024-04-03 08:03:31,120 INFO  [Log] Account tab is clicked. 
2024-04-03 08:03:31,248 INFO  [Log] View name is selected. 
2024-04-03 08:03:31,583 INFO  [Log] Edit link is clicked. 
2024-04-03 08:03:31,787 INFO  [Log] New view name is entered. 
2024-04-03 08:03:31,877 INFO  [Log] value in field is selected. 
2024-04-03 08:03:32,032 INFO  [Log] Operator is selected. 
2024-04-03 08:03:32,271 INFO  [Log] Value is entered. 
2024-04-03 08:03:32,444 INFO  [Log] Last activity is selected 
2024-04-03 08:03:32,494 INFO  [Log] Last activity is added 
2024-04-03 08:03:33,263 INFO  [Log] Edit view page is saved. 
2024-04-03 08:50:05,144 INFO  [Log] ****************           -S-T-A-R-T-Login TestCase       **************** 
2024-04-03 08:50:05,261 INFO  [Log] Successfully entered the username 
2024-04-03 08:50:05,338 INFO  [Log] Successfully entered the password 
2024-04-03 08:50:07,052 INFO  [Log] Login successful. 
2024-04-03 08:50:08,749 INFO  [Log] Account tab is clicked. 
2024-04-03 08:50:08,878 INFO  [Log] View name is selected. 
2024-04-03 08:50:09,242 INFO  [Log] Edit link is clicked. 
2024-04-03 08:50:09,455 INFO  [Log] New view name is entered. 
2024-04-03 08:50:09,540 INFO  [Log] value in field is selected. 
2024-04-03 08:50:09,732 INFO  [Log] Operator is selected. 
2024-04-03 08:50:09,978 INFO  [Log] Value is entered. 
2024-04-03 08:52:10,748 INFO  [Log] ****************           -S-T-A-R-T-Login TestCase       **************** 
2024-04-03 08:52:10,919 INFO  [Log] Successfully entered the username 
2024-04-03 08:52:11,093 INFO  [Log] Successfully entered the password 
2024-04-03 08:52:12,756 INFO  [Log] Login successful. 
2024-04-03 08:52:14,340 INFO  [Log] Account tab is clicked. 
2024-04-03 08:52:14,475 INFO  [Log] View name is selected. 
2024-04-03 08:52:14,826 INFO  [Log] Edit link is clicked. 
2024-04-03 08:52:15,047 INFO  [Log] New view name is entered. 
2024-04-03 08:52:15,135 INFO  [Log] value in field is selected. 
2024-04-03 08:52:15,372 INFO  [Log] Operator is selected. 
2024-04-03 08:52:15,569 INFO  [Log] Value is entered. 
2024-04-03 08:53:39,321 INFO  [Log] ****************           -S-T-A-R-T-Login TestCase       **************** 
2024-04-03 08:53:39,416 INFO  [Log] Successfully entered the username 
2024-04-03 08:53:39,506 INFO  [Log] Successfully entered the password 
2024-04-03 08:53:40,937 INFO  [Log] Login successful. 
2024-04-03 08:53:42,466 INFO  [Log] Account tab is clicked. 
2024-04-03 08:56:41,142 INFO  [Log] ****************           -S-T-A-R-T-Login TestCase       **************** 
2024-04-03 08:56:41,252 INFO  [Log] Successfully entered the username 
2024-04-03 08:56:41,446 INFO  [Log] Successfully entered the password 
2024-04-03 08:56:42,733 INFO  [Log] Login successful. 
2024-04-03 08:56:44,451 INFO  [Log] Account tab is clicked. 
2024-04-03 08:56:46,000 INFO  [Log] The Report is Created. 
2024-04-03 08:57:44,833 INFO  [Log] ****************           -S-T-A-R-T-Login TestCase       **************** 
2024-04-03 08:57:44,926 INFO  [Log] Successfully entered the username 
2024-04-03 08:57:45,006 INFO  [Log] Successfully entered the password 
2024-04-03 08:57:46,420 INFO  [Log] Login successful. 
2024-04-03 08:57:48,074 INFO  [Log] Account tab is clicked. 
2024-04-03 08:57:53,962 INFO  [Log] The Report is Created. 
2024-04-06 13:45:23,180 INFO  [Log] TestCase 5 : Enter invalid username and invalid password 
2024-04-06 13:45:23,181 INFO  [Log] ****************           -S-T-A-R-T-WrongUsernameAndPasswordTest is started        **************** 
2024-04-06 13:45:23,271 INFO  [Log] Successfully entered the username :123 
2024-04-06 13:45:23,330 INFO  [Log] Successfully entered the password :22131 
2024-04-06 13:45:23,485 INFO  [Log] Login button is clicked. 
2024-04-06 13:45:23,521 INFO  [Log] ***************             -E---N---D-: invalid credentials test ended         *************** 
2024-04-06 13:45:37,107 INFO  [Log] TestCase 4 : Forgot Password link 
2024-04-06 13:45:37,109 INFO  [Log] ****************           -S-T-A-R-T-Forgot password Test is started.       **************** 
2024-04-06 13:45:37,960 INFO  [Log] Password reset message is displayed 
2024-04-06 13:45:37,961 INFO  [Log] ***************             -E---N---D-An Email associated with the username is sent.         *************** 
2024-04-06 15:14:26,587 INFO  [Log] Login TestCase 
2024-04-06 15:14:29,856 INFO  [Log] TestCase 16 opportunity  
2024-04-06 15:14:29,856 INFO  [Log] ****************           -S-T-A-R-T-opportunity dropdown testcase started       **************** 
2024-04-06 15:14:32,507 INFO  [Log] opportunity tab dropdown is clicked. 
2024-04-06 15:15:38,331 INFO  [Log] Login TestCase 
2024-04-06 15:15:40,883 INFO  [Log] TestCase 16 opportunity  
2024-04-06 15:15:40,883 INFO  [Log] ****************           -S-T-A-R-T-opportunity dropdown testcase started       **************** 
2024-04-06 15:15:44,723 INFO  [Log] opportunity tab dropdown is clicked. 
2024-04-06 15:16:16,203 INFO  [Log] Login TestCase 
2024-04-06 15:16:18,552 INFO  [Log] TestCase 16 opportunity  
2024-04-06 15:16:18,552 INFO  [Log] ****************           -S-T-A-R-T-opportunity dropdown testcase started       **************** 
2024-04-06 15:16:57,960 INFO  [Log] Login TestCase 
2024-04-06 15:16:59,654 INFO  [Log] TestCase 16 opportunity  
2024-04-06 15:16:59,654 INFO  [Log] ****************           -S-T-A-R-T-opportunity dropdown testcase started       **************** 
2024-04-06 15:17:01,276 INFO  [Log] opportunity tab dropdown is clicked. 
2024-04-06 16:51:05,528 INFO  [Log] Login TestCase 
2024-04-06 16:51:07,350 INFO  [Log] TestCase 17 create new Opportunity 
2024-04-06 16:51:07,350 INFO  [Log] ****************           -S-T-A-R-T-test is started       **************** 
2024-04-06 16:51:09,667 INFO  [Log] opportunity button is clicked 
2024-04-06 18:38:16,159 INFO  [Log] Login TestCase 
2024-04-06 18:38:18,493 INFO  [Log] TestCase 17 create new Opportunity 
2024-04-06 18:38:18,493 INFO  [Log] ****************           -S-T-A-R-T-test is started       **************** 
2024-04-06 18:38:20,346 INFO  [Log] opportunity button is clicked 
2024-04-06 18:38:22,089 INFO  [Log] switch to campaign window 
2024-04-06 18:38:22,604 INFO  [Log] clicked on campaign link 
2024-04-06 18:45:41,571 INFO  [Log] Login TestCase 
2024-04-06 18:45:46,804 INFO  [Log] TestCase 17 create new Opportunity 
2024-04-06 18:45:46,804 INFO  [Log] ****************           -S-T-A-R-T-test is started       **************** 
2024-04-06 18:45:47,554 INFO  [Log] opportunity button is clicked 
2024-04-06 18:45:49,054 INFO  [Log] switch to campaign window 
2024-04-06 18:45:49,691 INFO  [Log] clicked on campaign link 
2024-04-06 18:50:01,055 INFO  [Log] Login TestCase 
2024-04-06 18:50:05,705 INFO  [Log] TestCase 17 create new Opportunity 
2024-04-06 18:50:05,705 INFO  [Log] ****************           -S-T-A-R-T-test is started       **************** 
2024-04-06 18:50:06,331 INFO  [Log] opportunity button is clicked 
2024-04-06 18:50:07,665 INFO  [Log] switch to campaign window 
2024-04-06 18:50:08,165 INFO  [Log] clicked on campaign link 
2024-04-06 18:55:29,418 INFO  [Log] Login TestCase 
2024-04-06 18:55:31,779 INFO  [Log] TestCase 17 create new Opportunity 
2024-04-06 18:55:31,779 INFO  [Log] ****************           -S-T-A-R-T-test is started       **************** 
2024-04-06 18:55:34,821 INFO  [Log] opportunity button is clicked 
2024-04-06 18:55:36,210 INFO  [Log] switch to campaign window 
2024-04-06 18:55:36,639 INFO  [Log] clicked on campaign link 
2024-04-07 18:11:48,590 INFO  [Log] Login TestCase 
2024-04-07 18:11:51,412 INFO  [Log] TestCase 17 create new Opportunity 
2024-04-07 18:11:51,412 INFO  [Log] ****************           -S-T-A-R-T-test is started       **************** 
2024-04-07 18:11:54,275 INFO  [Log] opportunity button is clicked 
2024-04-07 18:11:56,538 INFO  [Log] switch to campaign window 
2024-04-07 18:11:57,162 INFO  [Log] clicked on campaign link 
2024-04-08 11:06:35,618 INFO  [Log] Login TestCase 
2024-04-08 11:06:38,361 INFO  [Log] TestCase 17 create new Opportunity 
2024-04-08 11:06:38,362 INFO  [Log] ****************           -S-T-A-R-T-test is started       **************** 
2024-04-08 11:08:03,908 INFO  [Log] Login TestCase 
2024-04-08 11:08:09,139 INFO  [Log] TestCase 17 create new Opportunity 
2024-04-08 11:08:09,140 INFO  [Log] ****************           -S-T-A-R-T-test is started       **************** 
2024-04-08 11:08:10,463 INFO  [Log] opportunity button is clicked 
2024-04-08 11:08:11,962 INFO  [Log] switch to campaign window 
2024-04-08 11:08:12,421 INFO  [Log] clicked on campaign link 
2024-04-08 11:25:24,450 INFO  [Log] Login TestCase 
2024-04-08 11:25:28,926 INFO  [Log] TestCase 17 create new Opportunity 
2024-04-08 11:25:28,926 INFO  [Log] ****************           -S-T-A-R-T-test is started       **************** 
2024-04-08 11:25:29,631 INFO  [Log] opportunity button is clicked 
2024-04-08 11:25:31,064 INFO  [Log] switch to campaign window 
2024-04-08 11:25:32,026 INFO  [Log] clicked on campaign link 
2024-04-08 11:32:35,049 INFO  [Log] Login TestCase 
2024-04-08 11:32:39,914 INFO  [Log] TestCase 17 create new Opportunity 
2024-04-08 11:32:39,915 INFO  [Log] ****************           -S-T-A-R-T-test is started       **************** 
2024-04-08 11:32:40,686 INFO  [Log] opportunity button is clicked 
2024-04-08 11:32:42,633 INFO  [Log] switch to campaign window 
2024-04-08 11:32:42,633 INFO  [Log] back to main window 
2024-04-08 11:32:45,679 INFO  [Log] New Opportunity is Created 
2024-04-08 11:32:45,680 INFO  [Log] ***************             -E---N---D-TestCase 17 is ended         *************** 
2024-04-08 11:47:44,899 INFO  [Log] Login TestCase 
2024-04-08 11:47:47,255 INFO  [Log] TestCase 18 opportunity pipeline link 
2024-04-08 11:47:47,255 INFO  [Log] ****************           -S-T-A-R-T-Test is started       **************** 
2024-04-08 11:47:50,829 INFO  [Log] opportunity button is clicked 
2024-04-08 11:47:51,520 INFO  [Log] opportunity pipeline link is clicked successfully 
2024-04-08 11:49:20,456 INFO  [Log] Login TestCase 
2024-04-08 11:49:23,375 INFO  [Log] TestCase 18 opportunity pipeline link 
2024-04-08 11:49:23,375 INFO  [Log] ****************           -S-T-A-R-T-Test is started       **************** 
2024-04-08 11:49:25,731 INFO  [Log] opportunity button is clicked 
2024-04-08 11:49:26,330 INFO  [Log] opportunity pipeline link is clicked successfully 
2024-04-08 11:49:26,381 INFO  [Log] opportunity piprlinr link is displayed 
2024-04-08 12:06:00,811 INFO  [Log] Login TestCase 
2024-04-08 12:06:03,671 INFO  [Log] TestCase 19 Stuck opportunity link 
2024-04-08 12:06:03,672 INFO  [Log] ****************           -S-T-A-R-T-Test is started       **************** 
2024-04-08 12:06:06,464 INFO  [Log] opportunity button is clicked 
2024-04-08 12:06:07,380 INFO  [Log] Stuck opportunity link is clicked successfully 
2024-04-08 12:06:07,420 INFO  [Log] Stuck opportunity page is displayed. 
2024-04-08 12:06:07,420 INFO  [Log] ***************             -E---N---D-TestCase19 is ended.         *************** 
2024-04-11 11:32:52,557 INFO  [Log] Login TestCase 
2024-04-11 11:32:54,993 INFO  [Log] TestCase 20 Test Quaterly summary 
2024-04-11 11:32:54,994 INFO  [Log] ****************           -S-T-A-R-T-Test is Started       **************** 
2024-04-11 11:32:57,436 INFO  [Log] Current and Next FQ is selected. 
2024-04-11 11:32:57,582 INFO  [Log] Open Opportunities 
2024-04-11 11:32:58,556 INFO  [Log] run and report button is clicked successfully 
2024-04-11 11:32:58,557 INFO  [Log] ***************             -E---N---D-TestCase 20 is ended successfully.         *************** 
2024-04-11 12:00:56,701 INFO  [Log] Login TestCase 
2024-04-11 12:00:58,949 INFO  [Log] TestCase 21 check leads Tab link 
2024-04-11 12:00:58,949 INFO  [Log] ****************           -S-T-A-R-T-Test is started       **************** 
2024-04-11 12:01:00,826 INFO  [Log] Leads tab is clicked successfully 
2024-04-11 12:01:00,827 INFO  [Log] ***************             -E---N---D-TestCase is ended.         *************** 
2024-04-11 15:52:46,799 INFO  [Log] Login TestCase 
2024-04-11 15:52:49,173 INFO  [Log] TestCase 21 check leads Tab link 
2024-04-11 15:52:49,173 INFO  [Log] ****************           -S-T-A-R-T-Test is started       **************** 
2024-04-11 15:52:51,719 INFO  [Log] Leads tab is clicked successfully 
2024-04-11 15:52:51,719 INFO  [Log] ***************             -E---N---D-TestCase is ended.         *************** 
2024-04-11 16:33:01,345 INFO  [Log] Login TestCase 
2024-04-11 16:33:03,563 INFO  [Log] TestCase 22 validate view dropdown list  
2024-04-11 16:33:03,564 INFO  [Log] ****************           -S-T-A-R-T-Test is started       **************** 
2024-04-11 16:33:06,111 INFO  [Log] Leads tab is clicked successfully 
2024-04-11 16:34:51,257 INFO  [Log] Login TestCase 
2024-04-11 16:36:05,958 INFO  [Log] Login TestCase 
2024-04-11 16:36:10,745 INFO  [Log] TestCase 22 validate view dropdown list  
2024-04-11 16:36:10,745 INFO  [Log] ****************           -S-T-A-R-T-Test is started       **************** 
2024-04-11 16:36:11,483 INFO  [Log] Leads tab is clicked successfully 
2024-04-11 16:36:11,592 INFO  [Log] All options are present in view Dropdown 
2024-04-11 16:36:11,592 INFO  [Log] ***************             -E---N---D-TestCase22 is ended.         *************** 
2024-04-11 16:51:05,231 INFO  [Log] Login TestCase 
2024-04-11 16:51:09,754 INFO  [Log] TestCase 23 select view from dropdown in Leads page  
2024-04-11 16:51:09,754 INFO  [Log] ****************           -S-T-A-R-T-Test is started       **************** 
2024-04-11 16:51:10,610 INFO  [Log] Leads tab is clicked successfully 
2024-04-11 16:51:10,735 INFO  [Log] Today's lead is selected 
2024-04-11 16:51:10,785 INFO  [Log] UserMenu is clicked successfully. 
2024-04-11 16:51:10,786 INFO  [Log] All options are present in view Dropdown 
2024-04-11 16:51:10,786 INFO  [Log] ***************             -E---N---D-TestCase22 is ended.         *************** 
2024-04-11 16:57:15,193 INFO  [Log] Login TestCase 
2024-04-11 16:57:20,075 INFO  [Log] TestCase 23 select view from dropdown in Leads page  
2024-04-11 16:57:20,075 INFO  [Log] ****************           -S-T-A-R-T-Test is started       **************** 
2024-04-11 16:57:20,830 INFO  [Log] Leads tab is clicked successfully 
2024-04-11 16:57:20,977 INFO  [Log] Today's lead is selected 
2024-04-11 16:57:21,061 INFO  [Log] UserMenu is clicked successfully. 
2024-04-11 16:57:21,990 INFO  [Log] Logout Succesfully 
2024-04-11 16:58:52,339 INFO  [Log] Login TestCase 
2024-04-11 16:59:12,447 INFO  [Log] Login TestCase 
2024-04-11 17:00:15,566 INFO  [Log] Login TestCase 
2024-04-11 17:00:18,330 INFO  [Log] TestCase 23 select view from dropdown in Leads page  
2024-04-11 17:00:18,330 INFO  [Log] ****************           -S-T-A-R-T-Test is started       **************** 
2024-04-11 17:00:21,930 INFO  [Log] Leads tab is clicked successfully 
2024-04-11 17:00:22,062 INFO  [Log] Today's lead is selected 
2024-04-11 17:00:22,207 INFO  [Log] UserMenu is clicked successfully. 
2024-04-11 17:00:22,677 INFO  [Log] Logout Succesfully 
2024-04-11 17:00:26,033 INFO  [Log] Leads tab is clicked successfully 
2024-04-11 17:00:26,707 INFO  [Log] Go button is clicked successfully 
2024-04-11 17:00:26,707 INFO  [Log] ***************             -E---N---D-TestCase23 is ended.         *************** 
2024-04-11 17:03:03,890 INFO  [Log] Login TestCase 
2024-04-11 17:03:06,381 INFO  [Log] TestCase 23 select view from dropdown in Leads page  
2024-04-11 17:03:06,381 INFO  [Log] ****************           -S-T-A-R-T-Test is started       **************** 
2024-04-11 17:03:09,157 INFO  [Log] Leads tab is clicked successfully 
2024-04-11 17:03:09,329 INFO  [Log] Today's lead is selected 
2024-04-11 17:03:09,477 INFO  [Log] UserMenu is clicked successfully. 
2024-04-11 17:03:09,917 INFO  [Log] Logout Succesfully 
2024-04-11 17:04:08,370 INFO  [Log] Login TestCase 
2024-04-11 17:04:11,200 INFO  [Log] TestCase 23 select view from dropdown in Leads page  
2024-04-11 17:04:11,200 INFO  [Log] ****************           -S-T-A-R-T-Test is started       **************** 
2024-04-11 17:04:13,115 INFO  [Log] Leads tab is clicked successfully 
2024-04-11 17:04:13,252 INFO  [Log] Today's lead is selected 
2024-04-11 17:04:13,334 INFO  [Log] UserMenu is clicked successfully. 
2024-04-11 17:04:13,930 INFO  [Log] Logout Succesfully 
2024-04-11 17:04:17,571 INFO  [Log] Leads tab is clicked successfully 
2024-04-11 17:04:22,444 INFO  [Log] Go button is clicked successfully 
2024-04-11 17:04:22,444 INFO  [Log] ***************             -E---N---D-TestCase23 is ended.         *************** 
